;  LST file generated by mikroListExporter - v.2.0 
; Date/Time: 4/23/2023 11:50:11 AM
;----------------------------------------------

;Address Opcode 	ASM
0x0000	0x2A3C      	GOTO       572
_RES032:
;__Lib_MathDouble.c,123 :: 		
;__Lib_MathDouble.c,128 :: 		
0x0003	0x01F2      	CLRF       R2
;__Lib_MathDouble.c,129 :: 		
0x0004	0x01F1      	CLRF       R1
;__Lib_MathDouble.c,130 :: 		
0x0005	0x01F0      	CLRF       R0
;__Lib_MathDouble.c,131 :: 		
0x0006	0x01F8      	CLRF       R8
;__Lib_MathDouble.c,132 :: 		
0x0007	0x01F3      	CLRF       R3
;__Lib_MathDouble.c,133 :: 		
0x0008	0x3000      	MOVLW      0
;__Lib_MathDouble.c,135 :: 		
L_end_RES032:
0x0009	0x0008      	RETURN
; end of _RES032
_SETFUN32:
;__Lib_MathDouble.c,138 :: 		
;__Lib_MathDouble.c,145 :: 		
0x000A	0x157B      	BSF        R11, 2
;__Lib_MathDouble.c,146 :: 		
0x000B	0x1FFB      	BTFSS      R11, 7
;__Lib_MathDouble.c,147 :: 		
0x000C	0x2814      	GOTO       SETFUN32EEE
;__Lib_MathDouble.c,148 :: 		
0x000D	0x3001      	MOVLW      1
;__Lib_MathDouble.c,149 :: 		
0x000E	0x00F3      	MOVWF      R3
;__Lib_MathDouble.c,150 :: 		
0x000F	0x01F2      	CLRF       R2
;__Lib_MathDouble.c,151 :: 		
0x0010	0x01F1      	CLRF       R1
;__Lib_MathDouble.c,152 :: 		
0x0011	0x01F0      	CLRF       R0
;__Lib_MathDouble.c,153 :: 		
0x0012	0x0DFA      	RLF        R10, 1
;__Lib_MathDouble.c,154 :: 		
0x0013	0x0CF2      	RRF        R2, 1
;__Lib_MathDouble.c,155 :: 		
SETFUN32EEE:
;__Lib_MathDouble.c,156 :: 		
0x0014	0x30FF      	MOVLW      255
;__Lib_MathDouble.c,158 :: 		
L_end_SETFUN32:
0x0015	0x0008      	RETURN
; end of _SETFUN32
_FIXSIGN32:
;__Lib_MathDouble.c,112 :: 		
;__Lib_MathDouble.c,116 :: 		
0x0016	0x1FFA      	BTFSS      R10, 7
;__Lib_MathDouble.c,117 :: 		
0x0017	0x13F2      	BCF        R2, 7
;__Lib_MathDouble.c,118 :: 		
0x0018	0x3000      	MOVLW      0
;__Lib_MathDouble.c,120 :: 		
L_end_FIXSIGN32:
0x0019	0x0008      	RETURN
; end of _FIXSIGN32
_SETFOV32:
;__Lib_MathDouble.c,79 :: 		
;__Lib_MathDouble.c,86 :: 		
0x001A	0x14FB      	BSF        R11, 1
;__Lib_MathDouble.c,87 :: 		
0x001B	0x1FFB      	BTFSS      R11, 7
;__Lib_MathDouble.c,88 :: 		
0x001C	0x2824      	GOTO       SETFOV32EEE
;__Lib_MathDouble.c,89 :: 		
0x001D	0x30FF      	MOVLW      255
;__Lib_MathDouble.c,90 :: 		
0x001E	0x00F3      	MOVWF      R3
;__Lib_MathDouble.c,91 :: 		
0x001F	0x00F2      	MOVWF      R2
;__Lib_MathDouble.c,92 :: 		
0x0020	0x00F1      	MOVWF      R1
;__Lib_MathDouble.c,93 :: 		
0x0021	0x00F0      	MOVWF      R0
;__Lib_MathDouble.c,94 :: 		
0x0022	0x0DFA      	RLF        R10, 1
;__Lib_MathDouble.c,95 :: 		
0x0023	0x0CF2      	RRF        R2, 1
;__Lib_MathDouble.c,96 :: 		
SETFOV32EEE:
;__Lib_MathDouble.c,97 :: 		
0x0024	0x30FF      	MOVLW      255
;__Lib_MathDouble.c,99 :: 		
L_end_SETFOV32:
0x0025	0x0008      	RETURN
; end of _SETFOV32
_SETIOV3224:
;__Lib_MathDouble.c,996 :: 		
;__Lib_MathDouble.c,1002 :: 		
0x0026	0x147B      	BSF        R11, 0
;__Lib_MathDouble.c,1003 :: 		
0x0027	0x1FFB      	BTFSS      R11, 7
;__Lib_MathDouble.c,1004 :: 		
0x0028	0x2831      	GOTO       SETIOV3224EEE
;__Lib_MathDouble.c,1006 :: 		
0x0029	0x01F2      	CLRF       R2
;__Lib_MathDouble.c,1007 :: 		
0x002A	0x1FFA      	BTFSS      R10, 7
;__Lib_MathDouble.c,1008 :: 		
0x002B	0x30FF      	MOVLW      255
;__Lib_MathDouble.c,1009 :: 		
0x002C	0x00F2      	MOVWF      R2
;__Lib_MathDouble.c,1010 :: 		
0x002D	0x00F1      	MOVWF      R1
;__Lib_MathDouble.c,1011 :: 		
0x002E	0x00F0      	MOVWF      R0
;__Lib_MathDouble.c,1012 :: 		
0x002F	0x0DFA      	RLF        R10, 1
;__Lib_MathDouble.c,1013 :: 		
0x0030	0x0CF2      	RRF        R2, 1
;__Lib_MathDouble.c,1014 :: 		
SETIOV3224EEE:
;__Lib_MathDouble.c,1015 :: 		
0x0031	0x30FF      	MOVLW      255
;__Lib_MathDouble.c,1017 :: 		
L_end_SETIOV3224:
0x0032	0x0008      	RETURN
; end of _SETIOV3224
_NRM3232:
;__Lib_MathDouble.c,167 :: 		
;__Lib_MathDouble.c,173 :: 		
;__Lib_MathDouble.c,175 :: 		
0x0033	0x01A0      	CLRF       __math_tempbD
;__Lib_MathDouble.c,176 :: 		
0x0034	0x0872      	MOVF       R2, 0
;__Lib_MathDouble.c,177 :: 		
0x0035	0x1D03      	BTFSS      STATUS, 2
;__Lib_MathDouble.c,178 :: 		
0x0036	0x2848      	GOTO       NORM3232
;__Lib_MathDouble.c,179 :: 		
0x0037	0x0871      	MOVF       R1, 0
;__Lib_MathDouble.c,180 :: 		
0x0038	0x00F2      	MOVWF      R2
;__Lib_MathDouble.c,181 :: 		
0x0039	0x0870      	MOVF       R0, 0
;__Lib_MathDouble.c,182 :: 		
0x003A	0x00F1      	MOVWF      R1
;__Lib_MathDouble.c,183 :: 		
0x003B	0x01F0      	CLRF       R0
;__Lib_MathDouble.c,184 :: 		
0x003C	0x15A0      	BSF        __math_tempbD, 3
;__Lib_MathDouble.c,186 :: 		
0x003D	0x0872      	MOVF       R2, 0
;__Lib_MathDouble.c,187 :: 		
0x003E	0x1D03      	BTFSS      STATUS, 2
;__Lib_MathDouble.c,188 :: 		
0x003F	0x2848      	GOTO       NORM3232
;__Lib_MathDouble.c,189 :: 		
0x0040	0x0871      	MOVF       R1, 0
;__Lib_MathDouble.c,190 :: 		
0x0041	0x00F2      	MOVWF      R2
;__Lib_MathDouble.c,191 :: 		
0x0042	0x01F1      	CLRF       R1
;__Lib_MathDouble.c,192 :: 		
0x0043	0x11A0      	BCF        __math_tempbD, 3
;__Lib_MathDouble.c,193 :: 		
0x0044	0x1620      	BSF        __math_tempbD, 4
;__Lib_MathDouble.c,195 :: 		
0x0045	0x0872      	MOVF       R2, 0
;__Lib_MathDouble.c,196 :: 		
0x0046	0x1903      	BTFSC      STATUS, 2
;__Lib_MathDouble.c,197 :: 		
0x0047	0x2856      	GOTO       JPNRES032
;__Lib_MathDouble.c,198 :: 		
NORM3232:
;__Lib_MathDouble.c,199 :: 		
0x0048	0x0820      	MOVF       __math_tempbD, 0
;__Lib_MathDouble.c,200 :: 		
0x0049	0x02F3      	SUBWF      R3, 1
;__Lib_MathDouble.c,201 :: 		
0x004A	0x1D03      	BTFSS      STATUS, 2
;__Lib_MathDouble.c,202 :: 		
0x004B	0x1C03      	BTFSS      STATUS, 0
;__Lib_MathDouble.c,203 :: 		
0x004C	0x285A      	GOTO       JPNSETFUN32
;__Lib_MathDouble.c,204 :: 		
0x004D	0x1003      	BCF        STATUS, 0
;__Lib_MathDouble.c,205 :: 		
NORM3232A:
;__Lib_MathDouble.c,206 :: 		
0x004E	0x1BF2      	BTFSC      R2, 7
;__Lib_MathDouble.c,207 :: 		
0x004F	0x285E      	GOTO       JMPNFIXSIGN32
;__Lib_MathDouble.c,208 :: 		
0x0050	0x0DF0      	RLF        R0, 1
;__Lib_MathDouble.c,209 :: 		
0x0051	0x0DF1      	RLF        R1, 1
;__Lib_MathDouble.c,210 :: 		
0x0052	0x0DF2      	RLF        R2, 1
;__Lib_MathDouble.c,211 :: 		
0x0053	0x0BF3      	DECFSZ     R3, 1
;__Lib_MathDouble.c,212 :: 		
0x0054	0x284E      	GOTO       NORM3232A
;__Lib_MathDouble.c,213 :: 		
0x0055	0x285A      	GOTO       JPNSETFUN32
;__Lib_MathDouble.c,214 :: 		
JPNRES032:
;__Lib_MathDouble.c,215 :: 		
0x0056	0x3001      	MOVLW      1
;__Lib_MathDouble.c,216 :: 		
0x0057	0x00FC      	MOVWF      R12
;__Lib_MathDouble.c,218 :: 		
0x0058	0x2003      	CALL       _RES032
;__Lib_MathDouble.c,220 :: 		
0x0059	0x2861      	GOTO       NORM32EEE
;__Lib_MathDouble.c,221 :: 		
JPNSETFUN32:
;__Lib_MathDouble.c,222 :: 		
0x005A	0x3002      	MOVLW      2
;__Lib_MathDouble.c,223 :: 		
0x005B	0x00FC      	MOVWF      R12
;__Lib_MathDouble.c,225 :: 		
0x005C	0x200A      	CALL       _SETFUN32
;__Lib_MathDouble.c,227 :: 		
0x005D	0x2861      	GOTO       NORM32EEE
;__Lib_MathDouble.c,228 :: 		
JMPNFIXSIGN32:
;__Lib_MathDouble.c,229 :: 		
0x005E	0x3004      	MOVLW      4
;__Lib_MathDouble.c,230 :: 		
0x005F	0x00FC      	MOVWF      R12
;__Lib_MathDouble.c,232 :: 		
0x0060	0x2016      	CALL       _FIXSIGN32
;__Lib_MathDouble.c,234 :: 		
NORM32EEE:
;__Lib_MathDouble.c,236 :: 		
L_end_NRM3232:
0x0061	0x0008      	RETURN
; end of _NRM3232
_NRM4032:
;__Lib_MathDouble.c,245 :: 		
;__Lib_MathDouble.c,252 :: 		
;__Lib_MathDouble.c,254 :: 		
0x0062	0x187C      	BTFSC      R12, 0
;__Lib_MathDouble.c,255 :: 		
0x0063	0x2898      	GOTO       NRMRND4032
;__Lib_MathDouble.c,256 :: 		
0x0064	0x18FC      	BTFSC      R12, 1
;__Lib_MathDouble.c,257 :: 		
0x0065	0x2869      	GOTO       NRM4032
;__Lib_MathDouble.c,258 :: 		
0x0066	0x197C      	BTFSC      R12, 2
;__Lib_MathDouble.c,259 :: 		
0x0067	0x28B7      	GOTO       JMPSETFOV32
;__Lib_MathDouble.c,260 :: 		
0x0068	0x2862      	GOTO       $-6
;__Lib_MathDouble.c,261 :: 		
NRM4032:
;__Lib_MathDouble.c,262 :: 		
0x0069	0x01A0      	CLRF       __math_tempbD
;__Lib_MathDouble.c,263 :: 		
0x006A	0x0872      	MOVF       R2, 0
;__Lib_MathDouble.c,264 :: 		
0x006B	0x1D03      	BTFSS      STATUS, 2
;__Lib_MathDouble.c,265 :: 		
0x006C	0x2889      	GOTO       NORM4032
;__Lib_MathDouble.c,266 :: 		
0x006D	0x0871      	MOVF       R1, 0
;__Lib_MathDouble.c,267 :: 		
0x006E	0x00F2      	MOVWF      R2
;__Lib_MathDouble.c,268 :: 		
0x006F	0x0870      	MOVF       R0, 0
;__Lib_MathDouble.c,269 :: 		
0x0070	0x00F1      	MOVWF      R1
;__Lib_MathDouble.c,270 :: 		
0x0071	0x0878      	MOVF       R8, 0
;__Lib_MathDouble.c,271 :: 		
0x0072	0x00F0      	MOVWF      R0
;__Lib_MathDouble.c,272 :: 		
0x0073	0x01F8      	CLRF       R8
;__Lib_MathDouble.c,273 :: 		
0x0074	0x15A0      	BSF        __math_tempbD, 3
;__Lib_MathDouble.c,275 :: 		
0x0075	0x0872      	MOVF       R2, 0
;__Lib_MathDouble.c,276 :: 		
0x0076	0x1D03      	BTFSS      STATUS, 2
;__Lib_MathDouble.c,277 :: 		
0x0077	0x2889      	GOTO       NORM4032
;__Lib_MathDouble.c,278 :: 		
0x0078	0x0871      	MOVF       R1, 0
;__Lib_MathDouble.c,279 :: 		
0x0079	0x00F2      	MOVWF      R2
;__Lib_MathDouble.c,280 :: 		
0x007A	0x0870      	MOVF       R0, 0
;__Lib_MathDouble.c,281 :: 		
0x007B	0x00F1      	MOVWF      R1
;__Lib_MathDouble.c,282 :: 		
0x007C	0x01F0      	CLRF       R0
;__Lib_MathDouble.c,283 :: 		
0x007D	0x11A0      	BCF        __math_tempbD, 3
;__Lib_MathDouble.c,284 :: 		
0x007E	0x1620      	BSF        __math_tempbD, 4
;__Lib_MathDouble.c,286 :: 		
0x007F	0x0872      	MOVF       R2, 0
;__Lib_MathDouble.c,287 :: 		
0x0080	0x1D03      	BTFSS      STATUS, 2
;__Lib_MathDouble.c,288 :: 		
0x0081	0x2889      	GOTO       NORM4032
;__Lib_MathDouble.c,289 :: 		
0x0082	0x0871      	MOVF       R1, 0
;__Lib_MathDouble.c,290 :: 		
0x0083	0x00F2      	MOVWF      R2
;__Lib_MathDouble.c,291 :: 		
0x0084	0x01F1      	CLRF       R1
;__Lib_MathDouble.c,292 :: 		
0x0085	0x15A0      	BSF        __math_tempbD, 3
;__Lib_MathDouble.c,294 :: 		
0x0086	0x0872      	MOVF       R2, 0
;__Lib_MathDouble.c,295 :: 		
0x0087	0x1903      	BTFSC      STATUS, 2
;__Lib_MathDouble.c,296 :: 		
0x0088	0x28AB      	GOTO       JMPRES032
;__Lib_MathDouble.c,297 :: 		
NORM4032:
;__Lib_MathDouble.c,298 :: 		
0x0089	0x0820      	MOVF       __math_tempbD, 0
;__Lib_MathDouble.c,299 :: 		
0x008A	0x02F3      	SUBWF      R3, 1
;__Lib_MathDouble.c,300 :: 		
0x008B	0x1D03      	BTFSS      STATUS, 2
;__Lib_MathDouble.c,301 :: 		
0x008C	0x1C03      	BTFSS      STATUS, 0
;__Lib_MathDouble.c,302 :: 		
0x008D	0x28AF      	GOTO       JMPSETFUN32
;__Lib_MathDouble.c,303 :: 		
0x008E	0x1003      	BCF        STATUS, 0
;__Lib_MathDouble.c,304 :: 		
NORM4032A:
;__Lib_MathDouble.c,305 :: 		
0x008F	0x1BF2      	BTFSC      R2, 7
;__Lib_MathDouble.c,306 :: 		
0x0090	0x2898      	GOTO       NRMRND4032
;__Lib_MathDouble.c,307 :: 		
0x0091	0x0DF8      	RLF        R8, 1
;__Lib_MathDouble.c,308 :: 		
0x0092	0x0DF0      	RLF        R0, 1
;__Lib_MathDouble.c,309 :: 		
0x0093	0x0DF1      	RLF        R1, 1
;__Lib_MathDouble.c,310 :: 		
0x0094	0x0DF2      	RLF        R2, 1
;__Lib_MathDouble.c,311 :: 		
0x0095	0x0BF3      	DECFSZ     R3, 1
;__Lib_MathDouble.c,312 :: 		
0x0096	0x288F      	GOTO       NORM4032A
;__Lib_MathDouble.c,313 :: 		
0x0097	0x28AF      	GOTO       JMPSETFUN32
;__Lib_MathDouble.c,314 :: 		
NRMRND4032:
;__Lib_MathDouble.c,315 :: 		
0x0098	0x1B7B      	BTFSC      R11, 6
;__Lib_MathDouble.c,316 :: 		
0x0099	0x1C70      	BTFSS      R0, 0
;__Lib_MathDouble.c,317 :: 		
0x009A	0x28B3      	GOTO       JMPFIXSIGN32
;__Lib_MathDouble.c,318 :: 		
0x009B	0x1FF8      	BTFSS      R8, 7
;__Lib_MathDouble.c,319 :: 		
0x009C	0x28B3      	GOTO       JMPFIXSIGN32
;__Lib_MathDouble.c,320 :: 		
0x009D	0x0AF0      	INCF       R0, 1
;__Lib_MathDouble.c,321 :: 		
0x009E	0x1903      	BTFSC      STATUS, 2
;__Lib_MathDouble.c,322 :: 		
0x009F	0x0AF1      	INCF       R1, 1
;__Lib_MathDouble.c,323 :: 		
0x00A0	0x1903      	BTFSC      STATUS, 2
;__Lib_MathDouble.c,324 :: 		
0x00A1	0x0AF2      	INCF       R2, 1
;__Lib_MathDouble.c,325 :: 		
0x00A2	0x1D03      	BTFSS      STATUS, 2
;__Lib_MathDouble.c,326 :: 		
0x00A3	0x28B3      	GOTO       JMPFIXSIGN32
;__Lib_MathDouble.c,327 :: 		
0x00A4	0x0CF2      	RRF        R2, 1
;__Lib_MathDouble.c,328 :: 		
0x00A5	0x0CF1      	RRF        R1, 1
;__Lib_MathDouble.c,329 :: 		
0x00A6	0x0CF0      	RRF        R0, 1
;__Lib_MathDouble.c,330 :: 		
0x00A7	0x0AF3      	INCF       R3, 1
;__Lib_MathDouble.c,331 :: 		
0x00A8	0x1903      	BTFSC      STATUS, 2
;__Lib_MathDouble.c,332 :: 		
0x00A9	0x28B7      	GOTO       JMPSETFOV32
;__Lib_MathDouble.c,333 :: 		
0x00AA	0x28B3      	GOTO       JMPFIXSIGN32
;__Lib_MathDouble.c,334 :: 		
JMPRES032:
;__Lib_MathDouble.c,335 :: 		
0x00AB	0x3001      	MOVLW      1
;__Lib_MathDouble.c,336 :: 		
0x00AC	0x00FC      	MOVWF      R12
;__Lib_MathDouble.c,338 :: 		
0x00AD	0x2003      	CALL       _RES032
;__Lib_MathDouble.c,340 :: 		
0x00AE	0x28BA      	GOTO       NRM4032EEE
;__Lib_MathDouble.c,341 :: 		
JMPSETFUN32:
;__Lib_MathDouble.c,342 :: 		
0x00AF	0x3002      	MOVLW      2
;__Lib_MathDouble.c,343 :: 		
0x00B0	0x00FC      	MOVWF      R12
;__Lib_MathDouble.c,345 :: 		
0x00B1	0x200A      	CALL       _SETFUN32
;__Lib_MathDouble.c,347 :: 		
0x00B2	0x28BA      	GOTO       NRM4032EEE
;__Lib_MathDouble.c,348 :: 		
JMPFIXSIGN32:
;__Lib_MathDouble.c,349 :: 		
0x00B3	0x3004      	MOVLW      4
;__Lib_MathDouble.c,350 :: 		
0x00B4	0x00FC      	MOVWF      R12
;__Lib_MathDouble.c,352 :: 		
0x00B5	0x2016      	CALL       _FIXSIGN32
;__Lib_MathDouble.c,354 :: 		
0x00B6	0x28BA      	GOTO       NRM4032EEE
;__Lib_MathDouble.c,355 :: 		
JMPSETFOV32:
;__Lib_MathDouble.c,356 :: 		
0x00B7	0x3008      	MOVLW      8
;__Lib_MathDouble.c,357 :: 		
0x00B8	0x00FC      	MOVWF      R12
;__Lib_MathDouble.c,359 :: 		
0x00B9	0x201A      	CALL       _SETFOV32
;__Lib_MathDouble.c,361 :: 		
NRM4032EEE:
;__Lib_MathDouble.c,362 :: 		
0x00BA	0x0000      	NOP
;__Lib_MathDouble.c,370 :: 		
L_end_NRM4032:
0x00BB	0x0008      	RETURN
; end of _NRM4032
_double2int:
;__Lib_MathDouble.c,1385 :: 		
;__Lib_MathDouble.c,1393 :: 		
0x00BC	0x0020      	MOVLB      0
;__Lib_MathDouble.c,1395 :: 		
0x00BD	0x01FB      	CLRF       R11
;__Lib_MathDouble.c,1396 :: 		
0x00BE	0x0873      	MOVF       R3, 0
;__Lib_MathDouble.c,1397 :: 		
0x00BF	0x1903      	BTFSC      STATUS, 2
;__Lib_MathDouble.c,1398 :: 		
0x00C0	0x28F8      	GOTO       IRES016
;__Lib_MathDouble.c,1400 :: 		
0x00C1	0x0872      	MOVF       R2, 0
;__Lib_MathDouble.c,1401 :: 		
0x00C2	0x00FA      	MOVWF      R10
;__Lib_MathDouble.c,1402 :: 		
0x00C3	0x17F2      	BSF        R2, 7
;__Lib_MathDouble.c,1404 :: 		
0x00C4	0x308E      	MOVLW      142
;__Lib_MathDouble.c,1405 :: 		
0x00C5	0x02F3      	SUBWF      R3, 1
;__Lib_MathDouble.c,1406 :: 		
0x00C6	0x1FF3      	BTFSS      R3, 7
;__Lib_MathDouble.c,1407 :: 		
0x00C7	0x28FB      	GOTO       SETIOV16
;__Lib_MathDouble.c,1408 :: 		
0x00C8	0x09F3      	COMF       R3, 1
;__Lib_MathDouble.c,1409 :: 		
0x00C9	0x0AF3      	INCF       R3, 1
;__Lib_MathDouble.c,1411 :: 		
0x00CA	0x3008      	MOVLW      8
;__Lib_MathDouble.c,1412 :: 		
0x00CB	0x0273      	SUBWF      R3, 0
;__Lib_MathDouble.c,1413 :: 		
0x00CC	0x1C03      	BTFSS      STATUS, 0
;__Lib_MathDouble.c,1414 :: 		
0x00CD	0x28DE      	GOTO       TSHIFT3216
;__Lib_MathDouble.c,1415 :: 		
0x00CE	0x00F3      	MOVWF      R3
;__Lib_MathDouble.c,1416 :: 		
0x00CF	0x0DF1      	RLF        R1, 1
;__Lib_MathDouble.c,1417 :: 		
0x00D0	0x0872      	MOVF       R2, 0
;__Lib_MathDouble.c,1418 :: 		
0x00D1	0x00F1      	MOVWF      R1
;__Lib_MathDouble.c,1419 :: 		
0x00D2	0x01F2      	CLRF       R2
;__Lib_MathDouble.c,1421 :: 		
0x00D3	0x3008      	MOVLW      8
;__Lib_MathDouble.c,1422 :: 		
0x00D4	0x0273      	SUBWF      R3, 0
;__Lib_MathDouble.c,1423 :: 		
0x00D5	0x1C03      	BTFSS      STATUS, 0
;__Lib_MathDouble.c,1424 :: 		
0x00D6	0x28DE      	GOTO       TSHIFT3216
;__Lib_MathDouble.c,1425 :: 		
0x00D7	0x00F3      	MOVWF      R3
;__Lib_MathDouble.c,1426 :: 		
0x00D8	0x0DF1      	RLF        R1, 1
;__Lib_MathDouble.c,1427 :: 		
0x00D9	0x01F1      	CLRF       R1
;__Lib_MathDouble.c,1429 :: 		
0x00DA	0x0873      	MOVF       R3, 0
;__Lib_MathDouble.c,1430 :: 		
0x00DB	0x1D03      	BTFSS      STATUS, 2
;__Lib_MathDouble.c,1431 :: 		
0x00DC	0x1003      	BCF        STATUS, 0
;__Lib_MathDouble.c,1432 :: 		
0x00DD	0x28E6      	GOTO       SHIFT3216OK
;__Lib_MathDouble.c,1433 :: 		
TSHIFT3216:
;__Lib_MathDouble.c,1434 :: 		
0x00DE	0x0873      	MOVF       R3, 0
;__Lib_MathDouble.c,1435 :: 		
0x00DF	0x1903      	BTFSC      STATUS, 2
;__Lib_MathDouble.c,1436 :: 		
0x00E0	0x28E6      	GOTO       SHIFT3216OK
;__Lib_MathDouble.c,1437 :: 		
SHIFT3216:
;__Lib_MathDouble.c,1438 :: 		
0x00E1	0x1003      	BCF        STATUS, 0
;__Lib_MathDouble.c,1439 :: 		
0x00E2	0x0CF2      	RRF        R2, 1
;__Lib_MathDouble.c,1440 :: 		
0x00E3	0x0CF1      	RRF        R1, 1
;__Lib_MathDouble.c,1441 :: 		
0x00E4	0x0BF3      	DECFSZ     R3, 1
;__Lib_MathDouble.c,1442 :: 		
0x00E5	0x28E1      	GOTO       SHIFT3216
;__Lib_MathDouble.c,1443 :: 		
SHIFT3216OK:
;__Lib_MathDouble.c,1444 :: 		
0x00E6	0x1B7B      	BTFSC      R11, 6
;__Lib_MathDouble.c,1445 :: 		
0x00E7	0x1C71      	BTFSS      R1, 0
;__Lib_MathDouble.c,1446 :: 		
0x00E8	0x28F0      	GOTO       INT3216OK
;__Lib_MathDouble.c,1447 :: 		
0x00E9	0x1C03      	BTFSS      STATUS, 0
;__Lib_MathDouble.c,1448 :: 		
0x00EA	0x28F0      	GOTO       INT3216OK
;__Lib_MathDouble.c,1449 :: 		
0x00EB	0x0AF1      	INCF       R1, 1
;__Lib_MathDouble.c,1450 :: 		
0x00EC	0x1903      	BTFSC      STATUS, 2
;__Lib_MathDouble.c,1451 :: 		
0x00ED	0x0AF2      	INCF       R2, 1
;__Lib_MathDouble.c,1452 :: 		
0x00EE	0x1BF2      	BTFSC      R2, 7
;__Lib_MathDouble.c,1453 :: 		
0x00EF	0x2907      	GOTO       JPJSETIOV3224
;__Lib_MathDouble.c,1454 :: 		
INT3216OK:
;__Lib_MathDouble.c,1455 :: 		
0x00F0	0x1FFA      	BTFSS      R10, 7
;__Lib_MathDouble.c,1456 :: 		
0x00F1	0x290A      	GOTO       INT3216EOK
;__Lib_MathDouble.c,1458 :: 		
0x00F2	0x09F2      	COMF       R2, 1
;__Lib_MathDouble.c,1459 :: 		
0x00F3	0x09F1      	COMF       R1, 1
;__Lib_MathDouble.c,1460 :: 		
0x00F4	0x0AF1      	INCF       R1, 1
;__Lib_MathDouble.c,1461 :: 		
0x00F5	0x1903      	BTFSC      STATUS, 2
;__Lib_MathDouble.c,1462 :: 		
0x00F6	0x0AF2      	INCF       R2, 1
;__Lib_MathDouble.c,1463 :: 		
0x00F7	0x290A      	GOTO       INT3216EOK
;__Lib_MathDouble.c,1465 :: 		
IRES016:
;__Lib_MathDouble.c,1466 :: 		
0x00F8	0x01F2      	CLRF       R2
;__Lib_MathDouble.c,1467 :: 		
0x00F9	0x01F1      	CLRF       R1
;__Lib_MathDouble.c,1468 :: 		
0x00FA	0x290A      	GOTO       INT3216EOK
;__Lib_MathDouble.c,1469 :: 		
SETIOV16:
;__Lib_MathDouble.c,1470 :: 		
0x00FB	0x147B      	BSF        R11, 0
;__Lib_MathDouble.c,1471 :: 		
0x00FC	0x1FFB      	BTFSS      R11, 7
;__Lib_MathDouble.c,1472 :: 		
0x00FD	0x290D      	GOTO       INT3216EER
;__Lib_MathDouble.c,1474 :: 		
0x00FE	0x01F2      	CLRF       R2
;__Lib_MathDouble.c,1475 :: 		
0x00FF	0x1FFA      	BTFSS      R10, 7
;__Lib_MathDouble.c,1476 :: 		
0x0100	0x290D      	GOTO       INT3216EER
;__Lib_MathDouble.c,1477 :: 		
0x0101	0x30FF      	MOVLW      255
;__Lib_MathDouble.c,1478 :: 		
0x0102	0x00F2      	MOVWF      R2
;__Lib_MathDouble.c,1479 :: 		
0x0103	0x00F1      	MOVWF      R1
;__Lib_MathDouble.c,1480 :: 		
0x0104	0x0DFA      	RLF        R10, 1
;__Lib_MathDouble.c,1481 :: 		
0x0105	0x0CF2      	RRF        R2, 1
;__Lib_MathDouble.c,1482 :: 		
0x0106	0x290D      	GOTO       INT3216EER
;__Lib_MathDouble.c,1484 :: 		
JPJSETIOV3224:
;__Lib_MathDouble.c,1485 :: 		
0x0107	0x3001      	MOVLW      1
;__Lib_MathDouble.c,1486 :: 		
0x0108	0x00FC      	MOVWF      R12
;__Lib_MathDouble.c,1487 :: 		
0x0109	0x290F      	GOTO       INT3216EEE
;__Lib_MathDouble.c,1488 :: 		
INT3216EOK:
;__Lib_MathDouble.c,1489 :: 		
0x010A	0x3000      	MOVLW      0
;__Lib_MathDouble.c,1490 :: 		
0x010B	0x00FC      	MOVWF      R12
;__Lib_MathDouble.c,1491 :: 		
0x010C	0x290F      	GOTO       INT3216EEE
;__Lib_MathDouble.c,1492 :: 		
INT3216EER:
;__Lib_MathDouble.c,1493 :: 		
0x010D	0x30FF      	MOVLW      255
;__Lib_MathDouble.c,1494 :: 		
0x010E	0x00FC      	MOVWF      R12
;__Lib_MathDouble.c,1495 :: 		
INT3216EEE:
;__Lib_MathDouble.c,1498 :: 		
0x010F	0x08FC      	MOVF       R12, 1
;__Lib_MathDouble.c,1500 :: 		
0x0110	0x1903      	BTFSC      STATUS, 2
;__Lib_MathDouble.c,1501 :: 		
0x0111	0x2913      	GOTO       L_Double2Int_0
;__Lib_MathDouble.c,1503 :: 		
0x0112	0x2026      	CALL       _SETIOV3224
;__Lib_MathDouble.c,1505 :: 		
L_Double2Int_0:
;__Lib_MathDouble.c,1506 :: 		
0x0113	0x0871      	MOVF       R1, 0
;__Lib_MathDouble.c,1507 :: 		
0x0114	0x00F0      	MOVWF      R0
;__Lib_MathDouble.c,1508 :: 		
0x0115	0x0872      	MOVF       R2, 0
;__Lib_MathDouble.c,1509 :: 		
0x0116	0x00F1      	MOVWF      R1
;__Lib_MathDouble.c,1513 :: 		
L_end_double2int:
0x0117	0x0008      	RETURN
; end of _double2int
_SPI1_Write:
;__Lib_SPI_a120.c,77 :: 		
;__Lib_SPI_a120.c,80 :: 		
0x0118	0x0020      	MOVLB      0
0x0119	0x082C      	MOVF       FARG_SPI1_Write_data_, 0
0x011A	0x0024      	MOVLB      4
0x011B	0x0091      	MOVWF      SSPBUF
;__Lib_SPI_a120.c,81 :: 		
L_SPI1_Write8:
0x011C	0x1814      	BTFSC      SSPSTAT, 0
0x011D	0x291F      	GOTO       L_SPI1_Write9
;__Lib_SPI_a120.c,82 :: 		
0x011E	0x291C      	GOTO       L_SPI1_Write8
L_SPI1_Write9:
;__Lib_SPI_a120.c,83 :: 		
0x011F	0x0811      	MOVF       SSPBUF, 0
0x0120	0x00F0      	MOVWF      R0
;__Lib_SPI_a120.c,85 :: 		
L_end_SPI1_Write:
0x0121	0x0008      	RETURN
; end of _SPI1_Write
_Add_32x32_FP:
;__Lib_MathDouble.c,379 :: 		
;__Lib_MathDouble.c,390 :: 		
;__Lib_MathDouble.c,392 :: 		
0x0122	0x0020      	MOVLB      0
;__Lib_MathDouble.c,393 :: 		
0x0123	0x0872      	MOVF       R2, 0
;__Lib_MathDouble.c,394 :: 		
0x0124	0x0676      	XORWF      R6, 0
;__Lib_MathDouble.c,395 :: 		
0x0125	0x00A0      	MOVWF      __math_tempbD
;__Lib_MathDouble.c,397 :: 		
0x0126	0x01F8      	CLRF       R8
;__Lib_MathDouble.c,398 :: 		
0x0127	0x01F9      	CLRF       R9
;__Lib_MathDouble.c,400 :: 		
0x0128	0x0873      	MOVF       R3, 0
;__Lib_MathDouble.c,401 :: 		
0x0129	0x0277      	SUBWF      R7, 0
;__Lib_MathDouble.c,402 :: 		
0x012A	0x1C03      	BTFSS      STATUS, 0
;__Lib_MathDouble.c,403 :: 		
0x012B	0x2944      	GOTO       USEA32
;__Lib_MathDouble.c,405 :: 		
0x012C	0x0877      	MOVF       R7, 0
;__Lib_MathDouble.c,406 :: 		
0x012D	0x00FD      	MOVWF      R13
;__Lib_MathDouble.c,407 :: 		
0x012E	0x0873      	MOVF       R3, 0
;__Lib_MathDouble.c,408 :: 		
0x012F	0x00F7      	MOVWF      R7
;__Lib_MathDouble.c,409 :: 		
0x0130	0x087D      	MOVF       R13, 0
;__Lib_MathDouble.c,410 :: 		
0x0131	0x00F3      	MOVWF      R3
;__Lib_MathDouble.c,412 :: 		
0x0132	0x0876      	MOVF       R6, 0
;__Lib_MathDouble.c,413 :: 		
0x0133	0x00FD      	MOVWF      R13
;__Lib_MathDouble.c,414 :: 		
0x0134	0x0872      	MOVF       R2, 0
;__Lib_MathDouble.c,415 :: 		
0x0135	0x00F6      	MOVWF      R6
;__Lib_MathDouble.c,416 :: 		
0x0136	0x087D      	MOVF       R13, 0
;__Lib_MathDouble.c,417 :: 		
0x0137	0x00F2      	MOVWF      R2
;__Lib_MathDouble.c,419 :: 		
0x0138	0x0875      	MOVF       R5, 0
;__Lib_MathDouble.c,420 :: 		
0x0139	0x00FD      	MOVWF      R13
;__Lib_MathDouble.c,421 :: 		
0x013A	0x0871      	MOVF       R1, 0
;__Lib_MathDouble.c,422 :: 		
0x013B	0x00F5      	MOVWF      R5
;__Lib_MathDouble.c,423 :: 		
0x013C	0x087D      	MOVF       R13, 0
;__Lib_MathDouble.c,424 :: 		
0x013D	0x00F1      	MOVWF      R1
;__Lib_MathDouble.c,426 :: 		
0x013E	0x0874      	MOVF       R4, 0
;__Lib_MathDouble.c,427 :: 		
0x013F	0x00FD      	MOVWF      R13
;__Lib_MathDouble.c,428 :: 		
0x0140	0x0870      	MOVF       R0, 0
;__Lib_MathDouble.c,429 :: 		
0x0141	0x00F4      	MOVWF      R4
;__Lib_MathDouble.c,430 :: 		
0x0142	0x087D      	MOVF       R13, 0
;__Lib_MathDouble.c,431 :: 		
0x0143	0x00F0      	MOVWF      R0
;__Lib_MathDouble.c,432 :: 		
USEA32:
;__Lib_MathDouble.c,433 :: 		
0x0144	0x0877      	MOVF       R7, 0
;__Lib_MathDouble.c,434 :: 		
0x0145	0x1903      	BTFSC      STATUS, 2
;__Lib_MathDouble.c,435 :: 		
0x0146	0x29BD      	GOTO       JMPEEE
;__Lib_MathDouble.c,436 :: 		
0x0147	0x0872      	MOVF       R2, 0
;__Lib_MathDouble.c,437 :: 		
0x0148	0x00FA      	MOVWF      R10
;__Lib_MathDouble.c,438 :: 		
0x0149	0x17F2      	BSF        R2, 7
;__Lib_MathDouble.c,439 :: 		
0x014A	0x17F6      	BSF        R6, 7
;__Lib_MathDouble.c,440 :: 		
0x014B	0x0877      	MOVF       R7, 0
;__Lib_MathDouble.c,441 :: 		
0x014C	0x0273      	SUBWF      R3, 0
;__Lib_MathDouble.c,442 :: 		
0x014D	0x00F7      	MOVWF      R7
;__Lib_MathDouble.c,443 :: 		
0x014E	0x1903      	BTFSC      STATUS, 2
;__Lib_MathDouble.c,444 :: 		
0x014F	0x2977      	GOTO       ALIGNED32
;__Lib_MathDouble.c,445 :: 		
0x0150	0x3008      	MOVLW      8
;__Lib_MathDouble.c,446 :: 		
0x0151	0x0277      	SUBWF      R7, 0
;__Lib_MathDouble.c,447 :: 		
0x0152	0x1C03      	BTFSS      STATUS, 0
;__Lib_MathDouble.c,448 :: 		
0x0153	0x296D      	GOTO       ALIGNB32
;__Lib_MathDouble.c,449 :: 		
0x0154	0x00F7      	MOVWF      R7
;__Lib_MathDouble.c,450 :: 		
0x0155	0x0874      	MOVF       R4, 0
;__Lib_MathDouble.c,451 :: 		
0x0156	0x00F9      	MOVWF      R9
;__Lib_MathDouble.c,452 :: 		
0x0157	0x0875      	MOVF       R5, 0
;__Lib_MathDouble.c,453 :: 		
0x0158	0x00F4      	MOVWF      R4
;__Lib_MathDouble.c,454 :: 		
0x0159	0x0876      	MOVF       R6, 0
;__Lib_MathDouble.c,455 :: 		
0x015A	0x00F5      	MOVWF      R5
;__Lib_MathDouble.c,456 :: 		
0x015B	0x01F6      	CLRF       R6
;__Lib_MathDouble.c,457 :: 		
0x015C	0x3008      	MOVLW      8
;__Lib_MathDouble.c,458 :: 		
0x015D	0x0277      	SUBWF      R7, 0
;__Lib_MathDouble.c,459 :: 		
0x015E	0x1C03      	BTFSS      STATUS, 0
;__Lib_MathDouble.c,460 :: 		
0x015F	0x296D      	GOTO       ALIGNB32
;__Lib_MathDouble.c,461 :: 		
0x0160	0x00F7      	MOVWF      R7
;__Lib_MathDouble.c,462 :: 		
0x0161	0x0874      	MOVF       R4, 0
;__Lib_MathDouble.c,463 :: 		
0x0162	0x00F9      	MOVWF      R9
;__Lib_MathDouble.c,464 :: 		
0x0163	0x0875      	MOVF       R5, 0
;__Lib_MathDouble.c,465 :: 		
0x0164	0x00F4      	MOVWF      R4
;__Lib_MathDouble.c,466 :: 		
0x0165	0x01F5      	CLRF       R5
;__Lib_MathDouble.c,467 :: 		
0x0166	0x3008      	MOVLW      8
;__Lib_MathDouble.c,468 :: 		
0x0167	0x0277      	SUBWF      R7, 0
;__Lib_MathDouble.c,469 :: 		
0x0168	0x1C03      	BTFSS      STATUS, 0
;__Lib_MathDouble.c,470 :: 		
0x0169	0x296D      	GOTO       ALIGNB32
;__Lib_MathDouble.c,471 :: 		
0x016A	0x087A      	MOVF       R10, 0
;__Lib_MathDouble.c,472 :: 		
0x016B	0x00F2      	MOVWF      R2
;__Lib_MathDouble.c,473 :: 		
0x016C	0x29BD      	GOTO       JMPEEE
;__Lib_MathDouble.c,474 :: 		
ALIGNB32:
;__Lib_MathDouble.c,475 :: 		
0x016D	0x0877      	MOVF       R7, 0
;__Lib_MathDouble.c,476 :: 		
0x016E	0x1903      	BTFSC      STATUS, 2
;__Lib_MathDouble.c,477 :: 		
0x016F	0x2977      	GOTO       ALIGNED32
;__Lib_MathDouble.c,478 :: 		
ALOOPB32:
;__Lib_MathDouble.c,479 :: 		
0x0170	0x1003      	BCF        STATUS, 0
;__Lib_MathDouble.c,480 :: 		
0x0171	0x0CF6      	RRF        R6, 1
;__Lib_MathDouble.c,481 :: 		
0x0172	0x0CF5      	RRF        R5, 1
;__Lib_MathDouble.c,482 :: 		
0x0173	0x0CF4      	RRF        R4, 1
;__Lib_MathDouble.c,483 :: 		
0x0174	0x0CF9      	RRF        R9, 1
;__Lib_MathDouble.c,484 :: 		
0x0175	0x0BF7      	DECFSZ     R7, 1
;__Lib_MathDouble.c,485 :: 		
0x0176	0x2970      	GOTO       ALOOPB32
;__Lib_MathDouble.c,486 :: 		
ALIGNED32:
;__Lib_MathDouble.c,487 :: 		
0x0177	0x1FA0      	BTFSS      __math_tempbD, 7
;__Lib_MathDouble.c,488 :: 		
0x0178	0x2984      	GOTO       AOK32
;__Lib_MathDouble.c,489 :: 		
0x0179	0x09F9      	COMF       R9, 1
;__Lib_MathDouble.c,490 :: 		
0x017A	0x09F4      	COMF       R4, 1
;__Lib_MathDouble.c,491 :: 		
0x017B	0x09F5      	COMF       R5, 1
;__Lib_MathDouble.c,492 :: 		
0x017C	0x09F6      	COMF       R6, 1
;__Lib_MathDouble.c,493 :: 		
0x017D	0x0AF9      	INCF       R9, 1
;__Lib_MathDouble.c,494 :: 		
0x017E	0x1903      	BTFSC      STATUS, 2
;__Lib_MathDouble.c,495 :: 		
0x017F	0x0AF4      	INCF       R4, 1
;__Lib_MathDouble.c,496 :: 		
0x0180	0x1903      	BTFSC      STATUS, 2
;__Lib_MathDouble.c,497 :: 		
0x0181	0x0AF5      	INCF       R5, 1
;__Lib_MathDouble.c,498 :: 		
0x0182	0x1903      	BTFSC      STATUS, 2
;__Lib_MathDouble.c,499 :: 		
0x0183	0x0AF6      	INCF       R6, 1
;__Lib_MathDouble.c,500 :: 		
AOK32:
;__Lib_MathDouble.c,501 :: 		
0x0184	0x0879      	MOVF       R9, 0
;__Lib_MathDouble.c,502 :: 		
0x0185	0x07F8      	ADDWF      R8, 1
;__Lib_MathDouble.c,503 :: 		
0x0186	0x0874      	MOVF       R4, 0
;__Lib_MathDouble.c,504 :: 		
0x0187	0x1803      	BTFSC      STATUS, 0
;__Lib_MathDouble.c,505 :: 		
0x0188	0x0F74      	INCFSZ     R4, 0
;__Lib_MathDouble.c,506 :: 		
0x0189	0x07F0      	ADDWF      R0, 1
;__Lib_MathDouble.c,507 :: 		
0x018A	0x0875      	MOVF       R5, 0
;__Lib_MathDouble.c,508 :: 		
0x018B	0x1803      	BTFSC      STATUS, 0
;__Lib_MathDouble.c,509 :: 		
0x018C	0x0F75      	INCFSZ     R5, 0
;__Lib_MathDouble.c,510 :: 		
0x018D	0x07F1      	ADDWF      R1, 1
;__Lib_MathDouble.c,511 :: 		
0x018E	0x0876      	MOVF       R6, 0
;__Lib_MathDouble.c,512 :: 		
0x018F	0x1803      	BTFSC      STATUS, 0
;__Lib_MathDouble.c,513 :: 		
0x0190	0x0F76      	INCFSZ     R6, 0
;__Lib_MathDouble.c,514 :: 		
0x0191	0x07F2      	ADDWF      R2, 1
;__Lib_MathDouble.c,515 :: 		
0x0192	0x1BA0      	BTFSC      __math_tempbD, 7
;__Lib_MathDouble.c,516 :: 		
0x0193	0x299D      	GOTO       ACOMP32
;__Lib_MathDouble.c,517 :: 		
0x0194	0x1C03      	BTFSS      STATUS, 0
;__Lib_MathDouble.c,518 :: 		
0x0195	0x29AD      	GOTO       JMPNRMRND4032
;__Lib_MathDouble.c,519 :: 		
0x0196	0x0CF2      	RRF        R2, 1
;__Lib_MathDouble.c,520 :: 		
0x0197	0x0CF1      	RRF        R1, 1
;__Lib_MathDouble.c,521 :: 		
0x0198	0x0CF0      	RRF        R0, 1
;__Lib_MathDouble.c,522 :: 		
0x0199	0x0CF8      	RRF        R8, 1
;__Lib_MathDouble.c,523 :: 		
0x019A	0x0FF3      	INCFSZ     R3, 1
;__Lib_MathDouble.c,524 :: 		
0x019B	0x29AD      	GOTO       JMPNRMRND4032
;__Lib_MathDouble.c,525 :: 		
0x019C	0x29B9      	GOTO       ADD_JMPSETFOV32
;__Lib_MathDouble.c,526 :: 		
ACOMP32:
;__Lib_MathDouble.c,527 :: 		
0x019D	0x1803      	BTFSC      STATUS, 0
;__Lib_MathDouble.c,528 :: 		
0x019E	0x29B1      	GOTO       JMPNRM4032
;__Lib_MathDouble.c,529 :: 		
0x019F	0x09F8      	COMF       R8, 1
;__Lib_MathDouble.c,530 :: 		
0x01A0	0x09F0      	COMF       R0, 1
;__Lib_MathDouble.c,531 :: 		
0x01A1	0x09F1      	COMF       R1, 1
;__Lib_MathDouble.c,532 :: 		
0x01A2	0x09F2      	COMF       R2, 1
;__Lib_MathDouble.c,533 :: 		
0x01A3	0x0AF8      	INCF       R8, 1
;__Lib_MathDouble.c,534 :: 		
0x01A4	0x1903      	BTFSC      STATUS, 2
;__Lib_MathDouble.c,535 :: 		
0x01A5	0x0AF0      	INCF       R0, 1
;__Lib_MathDouble.c,536 :: 		
0x01A6	0x1903      	BTFSC      STATUS, 2
;__Lib_MathDouble.c,537 :: 		
0x01A7	0x0AF1      	INCF       R1, 1
;__Lib_MathDouble.c,538 :: 		
0x01A8	0x1903      	BTFSC      STATUS, 2
;__Lib_MathDouble.c,539 :: 		
0x01A9	0x0AF2      	INCF       R2, 1
;__Lib_MathDouble.c,540 :: 		
0x01AA	0x3080      	MOVLW      128
;__Lib_MathDouble.c,541 :: 		
0x01AB	0x06FA      	XORWF      R10, 1
;__Lib_MathDouble.c,542 :: 		
0x01AC	0x29B5      	GOTO       JMPNRM32
;__Lib_MathDouble.c,543 :: 		
JMPNRMRND4032:
;__Lib_MathDouble.c,544 :: 		
0x01AD	0x3001      	MOVLW      1
;__Lib_MathDouble.c,545 :: 		
0x01AE	0x00FC      	MOVWF      R12
;__Lib_MathDouble.c,547 :: 		
0x01AF	0x2062      	CALL       _NRM4032
;__Lib_MathDouble.c,549 :: 		
0x01B0	0x29BF      	GOTO       ADD32EEE
;__Lib_MathDouble.c,550 :: 		
JMPNRM4032:
;__Lib_MathDouble.c,551 :: 		
0x01B1	0x3002      	MOVLW      2
;__Lib_MathDouble.c,552 :: 		
0x01B2	0x00FC      	MOVWF      R12
;__Lib_MathDouble.c,554 :: 		
0x01B3	0x2062      	CALL       _NRM4032
;__Lib_MathDouble.c,556 :: 		
0x01B4	0x29BF      	GOTO       ADD32EEE
;__Lib_MathDouble.c,557 :: 		
JMPNRM32:
;__Lib_MathDouble.c,558 :: 		
0x01B5	0x3004      	MOVLW      4
;__Lib_MathDouble.c,559 :: 		
0x01B6	0x00FC      	MOVWF      R12
;__Lib_MathDouble.c,561 :: 		
0x01B7	0x2033      	CALL       _NRM3232
;__Lib_MathDouble.c,563 :: 		
0x01B8	0x29BF      	GOTO       ADD32EEE
;__Lib_MathDouble.c,564 :: 		
ADD_JMPSETFOV32:
;__Lib_MathDouble.c,565 :: 		
0x01B9	0x3008      	MOVLW      8
;__Lib_MathDouble.c,566 :: 		
0x01BA	0x00FC      	MOVWF      R12
;__Lib_MathDouble.c,568 :: 		
0x01BB	0x201A      	CALL       _SETFOV32
;__Lib_MathDouble.c,570 :: 		
0x01BC	0x29BF      	GOTO       ADD32EEE
;__Lib_MathDouble.c,571 :: 		
JMPEEE:
;__Lib_MathDouble.c,572 :: 		
0x01BD	0x3000      	MOVLW      0
;__Lib_MathDouble.c,573 :: 		
0x01BE	0x00FC      	MOVWF      R12
;__Lib_MathDouble.c,574 :: 		
ADD32EEE:
;__Lib_MathDouble.c,575 :: 		
0x01BF	0x0000      	NOP
;__Lib_MathDouble.c,583 :: 		
L_end_Add_32x32_FP:
0x01C0	0x0008      	RETURN
; end of _Add_32x32_FP
_Mul_32x32_FP:
;__Lib_MathDouble.c,608 :: 		
;__Lib_MathDouble.c,620 :: 		
;__Lib_MathDouble.c,622 :: 		
0x01C1	0x0020      	MOVLB      0
;__Lib_MathDouble.c,624 :: 		
0x01C2	0x01FB      	CLRF       R11
;__Lib_MathDouble.c,625 :: 		
0x01C3	0x0873      	MOVF       R3, 0
;__Lib_MathDouble.c,626 :: 		
0x01C4	0x1D03      	BTFSS      STATUS, 2
;__Lib_MathDouble.c,627 :: 		
0x01C5	0x0877      	MOVF       R7, 0
;__Lib_MathDouble.c,628 :: 		
0x01C6	0x1903      	BTFSC      STATUS, 2
;__Lib_MathDouble.c,629 :: 		
0x01C7	0x2A17      	GOTO       JPMRES032
;__Lib_MathDouble.c,631 :: 		
0x01C8	0x0872      	MOVF       R2, 0
;__Lib_MathDouble.c,632 :: 		
0x01C9	0x0676      	XORWF      R6, 0
;__Lib_MathDouble.c,633 :: 		
0x01CA	0x00FA      	MOVWF      R10
;__Lib_MathDouble.c,634 :: 		
0x01CB	0x0877      	MOVF       R7, 0
;__Lib_MathDouble.c,635 :: 		
0x01CC	0x07F3      	ADDWF      R3, 1
;__Lib_MathDouble.c,636 :: 		
0x01CD	0x307E      	MOVLW      126
;__Lib_MathDouble.c,637 :: 		
0x01CE	0x1C03      	BTFSS      STATUS, 0
;__Lib_MathDouble.c,638 :: 		
0x01CF	0x29D4      	GOTO       MTUN32
;__Lib_MathDouble.c,639 :: 		
0x01D0	0x02F3      	SUBWF      R3, 1
;__Lib_MathDouble.c,640 :: 		
0x01D1	0x1803      	BTFSC      STATUS, 0
;__Lib_MathDouble.c,641 :: 		
0x01D2	0x2A1A      	GOTO       JPMSETFOV32
;__Lib_MathDouble.c,642 :: 		
0x01D3	0x29D7      	GOTO       MOK32
;__Lib_MathDouble.c,643 :: 		
MTUN32:
;__Lib_MathDouble.c,644 :: 		
0x01D4	0x02F3      	SUBWF      R3, 1
;__Lib_MathDouble.c,645 :: 		
0x01D5	0x1C03      	BTFSS      STATUS, 0
;__Lib_MathDouble.c,646 :: 		
0x01D6	0x2A1D      	GOTO       JPMSETFUN32
;__Lib_MathDouble.c,647 :: 		
MOK32:
;__Lib_MathDouble.c,648 :: 		
0x01D7	0x0872      	MOVF       R2, 0
;__Lib_MathDouble.c,649 :: 		
0x01D8	0x00F8      	MOVWF      R8
;__Lib_MathDouble.c,650 :: 		
0x01D9	0x0871      	MOVF       R1, 0
;__Lib_MathDouble.c,651 :: 		
0x01DA	0x00FC      	MOVWF      R12
;__Lib_MathDouble.c,652 :: 		
0x01DB	0x0870      	MOVF       R0, 0
;__Lib_MathDouble.c,653 :: 		
0x01DC	0x00FD      	MOVWF      R13
;__Lib_MathDouble.c,654 :: 		
0x01DD	0x17F8      	BSF        R8, 7
;__Lib_MathDouble.c,655 :: 		
0x01DE	0x17F6      	BSF        R6, 7
;__Lib_MathDouble.c,656 :: 		
0x01DF	0x1003      	BCF        STATUS, 0
;__Lib_MathDouble.c,657 :: 		
0x01E0	0x01F2      	CLRF       R2
;__Lib_MathDouble.c,658 :: 		
0x01E1	0x01F1      	CLRF       R1
;__Lib_MathDouble.c,659 :: 		
0x01E2	0x01F0      	CLRF       R0
;__Lib_MathDouble.c,660 :: 		
0x01E3	0x3018      	MOVLW      24
;__Lib_MathDouble.c,661 :: 		
0x01E4	0x00A0      	MOVWF      __math_tempbD
;__Lib_MathDouble.c,662 :: 		
MLOOP32:
;__Lib_MathDouble.c,663 :: 		
0x01E5	0x1C7D      	BTFSS      R13, 0
;__Lib_MathDouble.c,664 :: 		
0x01E6	0x29F1      	GOTO       MNOADD32
;__Lib_MathDouble.c,666 :: 		
0x01E7	0x0874      	MOVF       R4, 0
;__Lib_MathDouble.c,667 :: 		
0x01E8	0x07F0      	ADDWF      R0, 1
;__Lib_MathDouble.c,668 :: 		
0x01E9	0x0875      	MOVF       R5, 0
;__Lib_MathDouble.c,669 :: 		
0x01EA	0x1803      	BTFSC      STATUS, 0
;__Lib_MathDouble.c,670 :: 		
0x01EB	0x0F75      	INCFSZ     R5, 0
;__Lib_MathDouble.c,671 :: 		
0x01EC	0x07F1      	ADDWF      R1, 1
;__Lib_MathDouble.c,672 :: 		
0x01ED	0x0876      	MOVF       R6, 0
;__Lib_MathDouble.c,673 :: 		
0x01EE	0x1803      	BTFSC      STATUS, 0
;__Lib_MathDouble.c,674 :: 		
0x01EF	0x0F76      	INCFSZ     R6, 0
;__Lib_MathDouble.c,675 :: 		
0x01F0	0x07F2      	ADDWF      R2, 1
;__Lib_MathDouble.c,676 :: 		
MNOADD32:
;__Lib_MathDouble.c,677 :: 		
0x01F1	0x0CF2      	RRF        R2, 1
;__Lib_MathDouble.c,678 :: 		
0x01F2	0x0CF1      	RRF        R1, 1
;__Lib_MathDouble.c,679 :: 		
0x01F3	0x0CF0      	RRF        R0, 1
;__Lib_MathDouble.c,680 :: 		
0x01F4	0x0CF8      	RRF        R8, 1
;__Lib_MathDouble.c,681 :: 		
0x01F5	0x0CFC      	RRF        R12, 1
;__Lib_MathDouble.c,682 :: 		
0x01F6	0x0CFD      	RRF        R13, 1
;__Lib_MathDouble.c,683 :: 		
0x01F7	0x1003      	BCF        STATUS, 0
;__Lib_MathDouble.c,684 :: 		
0x01F8	0x0BA0      	DECFSZ     __math_tempbD, 1
;__Lib_MathDouble.c,685 :: 		
0x01F9	0x29E5      	GOTO       MLOOP32
;__Lib_MathDouble.c,686 :: 		
0x01FA	0x1BF2      	BTFSC      R2, 7
;__Lib_MathDouble.c,687 :: 		
0x01FB	0x2A01      	GOTO       MROUND32
;__Lib_MathDouble.c,688 :: 		
0x01FC	0x0DF8      	RLF        R8, 1
;__Lib_MathDouble.c,689 :: 		
0x01FD	0x0DF0      	RLF        R0, 1
;__Lib_MathDouble.c,690 :: 		
0x01FE	0x0DF1      	RLF        R1, 1
;__Lib_MathDouble.c,691 :: 		
0x01FF	0x0DF2      	RLF        R2, 1
;__Lib_MathDouble.c,692 :: 		
0x0200	0x03F3      	DECF       R3, 1
;__Lib_MathDouble.c,693 :: 		
MROUND32:
;__Lib_MathDouble.c,694 :: 		
0x0201	0x1B7B      	BTFSC      R11, 6
;__Lib_MathDouble.c,695 :: 		
0x0202	0x1C70      	BTFSS      R0, 0
;__Lib_MathDouble.c,696 :: 		
0x0203	0x2A13      	GOTO       MUL32OK
;__Lib_MathDouble.c,697 :: 		
0x0204	0x1FF8      	BTFSS      R8, 7
;__Lib_MathDouble.c,698 :: 		
0x0205	0x2A13      	GOTO       MUL32OK
;__Lib_MathDouble.c,699 :: 		
0x0206	0x0AF0      	INCF       R0, 1
;__Lib_MathDouble.c,700 :: 		
0x0207	0x1903      	BTFSC      STATUS, 2
;__Lib_MathDouble.c,701 :: 		
0x0208	0x0AF1      	INCF       R1, 1
;__Lib_MathDouble.c,702 :: 		
0x0209	0x1903      	BTFSC      STATUS, 2
;__Lib_MathDouble.c,703 :: 		
0x020A	0x0AF2      	INCF       R2, 1
;__Lib_MathDouble.c,704 :: 		
0x020B	0x1D03      	BTFSS      STATUS, 2
;__Lib_MathDouble.c,705 :: 		
0x020C	0x2A13      	GOTO       MUL32OK
;__Lib_MathDouble.c,706 :: 		
0x020D	0x0CF2      	RRF        R2, 1
;__Lib_MathDouble.c,707 :: 		
0x020E	0x0CF1      	RRF        R1, 1
;__Lib_MathDouble.c,708 :: 		
0x020F	0x0CF0      	RRF        R0, 1
;__Lib_MathDouble.c,709 :: 		
0x0210	0x0AF3      	INCF       R3, 1
;__Lib_MathDouble.c,710 :: 		
0x0211	0x1903      	BTFSC      STATUS, 2
;__Lib_MathDouble.c,711 :: 		
0x0212	0x2A1A      	GOTO       JPMSETFOV32
;__Lib_MathDouble.c,712 :: 		
MUL32OK:
;__Lib_MathDouble.c,713 :: 		
0x0213	0x1FFA      	BTFSS      R10, 7
;__Lib_MathDouble.c,714 :: 		
0x0214	0x13F2      	BCF        R2, 7
;__Lib_MathDouble.c,715 :: 		
0x0215	0x3000      	MOVLW      0
;__Lib_MathDouble.c,717 :: 		
0x0216	0x2A1F      	GOTO       MUL32EEE
;__Lib_MathDouble.c,718 :: 		
JPMRES032:
;__Lib_MathDouble.c,719 :: 		
0x0217	0x3001      	MOVLW      1
;__Lib_MathDouble.c,722 :: 		
0x0218	0x2003      	CALL       _RES032
;__Lib_MathDouble.c,724 :: 		
0x0219	0x2A1F      	GOTO       MUL32EEE
;__Lib_MathDouble.c,725 :: 		
JPMSETFOV32:
;__Lib_MathDouble.c,726 :: 		
0x021A	0x3002      	MOVLW      2
;__Lib_MathDouble.c,729 :: 		
0x021B	0x201A      	CALL       _SETFOV32
;__Lib_MathDouble.c,731 :: 		
0x021C	0x2A1F      	GOTO       MUL32EEE
;__Lib_MathDouble.c,732 :: 		
JPMSETFUN32:
;__Lib_MathDouble.c,733 :: 		
0x021D	0x3004      	MOVLW      4
;__Lib_MathDouble.c,736 :: 		
0x021E	0x200A      	CALL       _SETFUN32
;__Lib_MathDouble.c,738 :: 		
MUL32EEE:
;__Lib_MathDouble.c,739 :: 		
0x021F	0x0000      	NOP
;__Lib_MathDouble.c,746 :: 		
L_end_Mul_32x32_FP:
0x0220	0x0008      	RETURN
; end of _Mul_32x32_FP
_SPI1_Init:
;__Lib_SPI_a120.c,22 :: 		
;__Lib_SPI_a120.c,23 :: 		
0x0221	0x30FF      	MOVLW      _SPI1_Read
0x0222	0x0020      	MOVLB      0
0x0223	0x00A5      	MOVWF      _SPI_Rd_Ptr
0x0224	0x30FF      	MOVLW      hi_addr(_SPI1_Read)
0x0225	0x00A6      	MOVWF      _SPI_Rd_Ptr+1
0x0226	0x30FF      	MOVLW      FARG_SPI1_Read_buffer
0x0227	0x00A7      	MOVWF      _SPI_Rd_Ptr+2
0x0228	0x30FF      	MOVLW      hi_addr(FARG_SPI1_Read_buffer)
0x0229	0x00A8      	MOVWF      _SPI_Rd_Ptr+3
;__Lib_SPI_a120.c,24 :: 		
0x022A	0x3018      	MOVLW      _SPI1_Write
0x022B	0x00A1      	MOVWF      _SPI_Wr_Ptr
0x022C	0x3001      	MOVLW      hi_addr(_SPI1_Write)
0x022D	0x00A2      	MOVWF      _SPI_Wr_Ptr+1
0x022E	0x302C      	MOVLW      FARG_SPI1_Write_data_
0x022F	0x00A3      	MOVWF      _SPI_Wr_Ptr+2
0x0230	0x3000      	MOVLW      hi_addr(FARG_SPI1_Write_data_)
0x0231	0x00A4      	MOVWF      _SPI_Wr_Ptr+3
;__Lib_SPI_a120.c,26 :: 		
0x0232	0x0021      	MOVLB      1
0x0233	0x100C      	BCF        TRISA0_bit, BitPos(TRISA0_bit+0)
;__Lib_SPI_a120.c,27 :: 		
0x0234	0x108C      	BCF        TRISA1_bit, BitPos(TRISA1_bit+0)
;__Lib_SPI_a120.c,28 :: 		
0x0235	0x150C      	BSF        TRISA2_bit, BitPos(TRISA2_bit+0)
;__Lib_SPI_a120.c,30 :: 		
0x0236	0x0024      	MOVLB      4
0x0237	0x0195      	CLRF       SSPCON
;__Lib_SPI_a120.c,31 :: 		
0x0238	0x3040      	MOVLW      64
0x0239	0x0094      	MOVWF      SSPSTAT
;__Lib_SPI_a120.c,32 :: 		
0x023A	0x1695      	BSF        SSPCON, 5
;__Lib_SPI_a120.c,33 :: 		
L_end_SPI1_Init:
0x023B	0x0008      	RETURN
; end of _SPI1_Init
_main:
;sine_table.c,198 :: 		void main()
;sine_table.c,200 :: 		unsigned int deg = 0;
0x023C	0x0020      	MOVLB      0
0x023D	0x01AA      	CLRF       main_deg_L0
0x023E	0x01AB      	CLRF       main_deg_L0+1
;sine_table.c,206 :: 		OSCCON = 0xF0;
0x023F	0x30F0      	MOVLW      240
0x0240	0x0021      	MOVLB      1
0x0241	0x0099      	MOVWF      OSCCON
;sine_table.c,207 :: 		TRISA = 0x00;  // Set PORTA as output
0x0242	0x018C      	CLRF       TRISA
;sine_table.c,208 :: 		ANSELA = 0x00; // Set PORTA as digital
0x0243	0x0023      	MOVLB      3
0x0244	0x018C      	CLRF       ANSELA
;sine_table.c,210 :: 		PORTA.F4 = 1; // Deselect DAC chip
0x0245	0x0020      	MOVLB      0
0x0246	0x160C      	BSF        PORTA, 4
;sine_table.c,211 :: 		SPI1_Init();
0x0247	0x2221      	CALL       _SPI1_Init
;sine_table.c,213 :: 		while (1)
L_main0:
;sine_table.c,215 :: 		valueDAC = 819 + (2866.5 * SIN_TABLE[deg]); // 1.0 + abs(3.5 * sin(deg))
0x0248	0x0020      	MOVLB      0
0x0249	0x082A      	MOVF       main_deg_L0, 0
0x024A	0x00F0      	MOVWF      R0
0x024B	0x082B      	MOVF       main_deg_L0+1, 0
0x024C	0x00F1      	MOVWF      R1
0x024D	0x35F0      	LSLF       R0, 1
0x024E	0x0DF1      	RLF        R1, 1
0x024F	0x35F0      	LSLF       R0, 1
0x0250	0x0DF1      	RLF        R1, 1
0x0251	0x3099      	MOVLW      _SIN_TABLE
0x0252	0x0770      	ADDWF      R0, 0
0x0253	0x0084      	MOVWF      FSR0
0x0254	0x3082      	MOVLW      hi_addr(_SIN_TABLE)
0x0255	0x3D71      	ADDWFC     R1, 0
0x0256	0x0085      	MOVWF      FSR0H
0x0257	0x0800      	MOVF       INDF0, 0
0x0258	0x00F0      	MOVWF      R0
0x0259	0x3101      	ADDFSR     0, 1
0x025A	0x0800      	MOVF       INDF0, 0
0x025B	0x00F1      	MOVWF      R1
0x025C	0x3101      	ADDFSR     0, 1
0x025D	0x0800      	MOVF       INDF0, 0
0x025E	0x00F2      	MOVWF      R2
0x025F	0x3101      	ADDFSR     0, 1
0x0260	0x0800      	MOVF       INDF0, 0
0x0261	0x00F3      	MOVWF      R3
0x0262	0x3000      	MOVLW      0
0x0263	0x00F4      	MOVWF      R4
0x0264	0x3028      	MOVLW      40
0x0265	0x00F5      	MOVWF      R5
0x0266	0x3033      	MOVLW      51
0x0267	0x00F6      	MOVWF      R6
0x0268	0x308A      	MOVLW      138
0x0269	0x00F7      	MOVWF      R7
0x026A	0x21C1      	CALL       _Mul_32x32_FP
0x026B	0x3000      	MOVLW      0
0x026C	0x00F4      	MOVWF      R4
0x026D	0x30C0      	MOVLW      192
0x026E	0x00F5      	MOVWF      R5
0x026F	0x304C      	MOVLW      76
0x0270	0x00F6      	MOVWF      R6
0x0271	0x3088      	MOVLW      136
0x0272	0x00F7      	MOVWF      R7
0x0273	0x2122      	CALL       _Add_32x32_FP
0x0274	0x20BC      	CALL       _double2int
;sine_table.c,218 :: 		temp1 = (valueDAC >> 8) & 0x0F; // Store valueDAC[11..8] to temp[3..0]
0x0275	0x0871      	MOVF       R1, 0
0x0276	0x00F2      	MOVWF      R2
0x0277	0x3000      	MOVLW      0
0x0278	0x1BF1      	BTFSC      R1, 7
0x0279	0x30FF      	MOVLW      255
0x027A	0x00F3      	MOVWF      R3
0x027B	0x300F      	MOVLW      15
0x027C	0x0572      	ANDWF      R2, 0
0x027D	0x00AC      	MOVWF      FARG_SPI1_Write_data_
;sine_table.c,219 :: 		temp1 |= 0x30;                  // Define DAC setting, see MCP4921 datasheet
0x027E	0x3030      	MOVLW      48
0x027F	0x04AC      	IORWF       FARG_SPI1_Write_data_, 1
;sine_table.c,221 :: 		temp2 = valueDAC; // Store valueDAC[7..0] to temp[7..0]
0x0280	0x0870      	MOVF       R0, 0
0x0281	0x00A9      	MOVWF      main_temp2_L0
;sine_table.c,223 :: 		PORTA.F4 = 0;      // Select DAC chip
0x0282	0x120C      	BCF        PORTA, 4
;sine_table.c,224 :: 		SPI1_Write(temp1); // Send high byte via SPI
0x0283	0x2118      	CALL       _SPI1_Write
;sine_table.c,225 :: 		SPI1_Write(temp2); // Send low byte via SPI
0x0284	0x0020      	MOVLB      0
0x0285	0x0829      	MOVF       main_temp2_L0, 0
0x0286	0x00AC      	MOVWF      FARG_SPI1_Write_data_
0x0287	0x2118      	CALL       _SPI1_Write
;sine_table.c,226 :: 		PORTA.F4 = 1;      // Deselect DAC chip
0x0288	0x0020      	MOVLB      0
0x0289	0x160C      	BSF        PORTA, 4
;sine_table.c,228 :: 		deg++;
0x028A	0x0AAA      	INCF       main_deg_L0, 1
0x028B	0x1903      	BTFSC      STATUS, 2
0x028C	0x0AAB      	INCF       main_deg_L0+1, 1
;sine_table.c,229 :: 		if (deg >= 180)
0x028D	0x3000      	MOVLW      0
0x028E	0x022B      	SUBWF      main_deg_L0+1, 0
0x028F	0x1D03      	BTFSS      STATUS, 2
0x0290	0x2A93      	GOTO       L__main4
0x0291	0x30B4      	MOVLW      180
0x0292	0x022A      	SUBWF      main_deg_L0, 0
L__main4:
0x0293	0x1C03      	BTFSS      STATUS, 0
0x0294	0x2A97      	GOTO       L_main2
;sine_table.c,230 :: 		deg = 0;
0x0295	0x01AA      	CLRF       main_deg_L0
0x0296	0x01AB      	CLRF       main_deg_L0+1
L_main2:
;sine_table.c,231 :: 		}
0x0297	0x2A48      	GOTO       L_main0
;sine_table.c,232 :: 		}
L_end_main:
0x0298	0x2A98      	GOTO       $+0
; end of _main
;sine_table.c,15 :: _SIN_TABLE
0x0299	0x3400 ;_SIN_TABLE+0
0x029A	0x3400 ;_SIN_TABLE+1
0x029B	0x3400 ;_SIN_TABLE+2
0x029C	0x3400 ;_SIN_TABLE+3
0x029D	0x3429 ;_SIN_TABLE+4
0x029E	0x345C ;_SIN_TABLE+5
0x029F	0x340F ;_SIN_TABLE+6
0x02A0	0x3479 ;_SIN_TABLE+7
0x02A1	0x344D ;_SIN_TABLE+8
0x02A2	0x34F3 ;_SIN_TABLE+9
0x02A3	0x340E ;_SIN_TABLE+10
0x02A4	0x347A ;_SIN_TABLE+11
0x02A5	0x3486 ;_SIN_TABLE+12
0x02A6	0x3438 ;_SIN_TABLE+13
0x02A7	0x3456 ;_SIN_TABLE+14
0x02A8	0x347A ;_SIN_TABLE+15
0x02A9	0x344D ;_SIN_TABLE+16
0x02AA	0x34F3 ;_SIN_TABLE+17
0x02AB	0x340E ;_SIN_TABLE+18
0x02AC	0x347B ;_SIN_TABLE+19
0x02AD	0x34EA ;_SIN_TABLE+20
0x02AE	0x3495 ;_SIN_TABLE+21
0x02AF	0x3432 ;_SIN_TABLE+22
0x02B0	0x347B ;_SIN_TABLE+23
0x02B1	0x3419 ;_SIN_TABLE+24
0x02B2	0x3404 ;_SIN_TABLE+25
0x02B3	0x3456 ;_SIN_TABLE+26
0x02B4	0x347B ;_SIN_TABLE+27
0x02B5	0x34B5 ;_SIN_TABLE+28
0x02B6	0x34A6 ;_SIN_TABLE+29
0x02B7	0x3479 ;_SIN_TABLE+30
0x02B8	0x347B ;_SIN_TABLE+31
0x02B9	0x3472 ;_SIN_TABLE+32
0x02BA	0x348A ;_SIN_TABLE+33
0x02BB	0x340E ;_SIN_TABLE+34
0x02BC	0x347C ;_SIN_TABLE+35
0x02BD	0x3452 ;_SIN_TABLE+36
0x02BE	0x3427 ;_SIN_TABLE+37
0x02BF	0x3420 ;_SIN_TABLE+38
0x02C0	0x347C ;_SIN_TABLE+39
0x02C1	0x3433 ;_SIN_TABLE+40
0x02C2	0x34C4 ;_SIN_TABLE+41
0x02C3	0x3431 ;_SIN_TABLE+42
0x02C4	0x347C ;_SIN_TABLE+43
0x02C5	0x3413 ;_SIN_TABLE+44
0x02C6	0x3461 ;_SIN_TABLE+45
0x02C7	0x3443 ;_SIN_TABLE+46
0x02C8	0x347C ;_SIN_TABLE+47
0x02C9	0x34BD ;_SIN_TABLE+48
0x02CA	0x34E3 ;_SIN_TABLE+49
0x02CB	0x3454 ;_SIN_TABLE+50
0x02CC	0x347C ;_SIN_TABLE+51
0x02CD	0x3466 ;_SIN_TABLE+52
0x02CE	0x3466 ;_SIN_TABLE+53
0x02CF	0x3466 ;_SIN_TABLE+54
0x02D0	0x347C ;_SIN_TABLE+55
0x02D1	0x34A2 ;_SIN_TABLE+56
0x02D2	0x34B4 ;_SIN_TABLE+57
0x02D3	0x3477 ;_SIN_TABLE+58
0x02D4	0x347C ;_SIN_TABLE+59
0x02D5	0x346F ;_SIN_TABLE+60
0x02D6	0x3481 ;_SIN_TABLE+61
0x02D7	0x3404 ;_SIN_TABLE+62
0x02D8	0x347D ;_SIN_TABLE+63
0x02D9	0x3471 ;_SIN_TABLE+64
0x02DA	0x341B ;_SIN_TABLE+65
0x02DB	0x340D ;_SIN_TABLE+66
0x02DC	0x347D ;_SIN_TABLE+67
0x02DD	0x3474 ;_SIN_TABLE+68
0x02DE	0x34B5 ;_SIN_TABLE+69
0x02DF	0x3415 ;_SIN_TABLE+70
0x02E0	0x347D ;_SIN_TABLE+71
0x02E1	0x343F ;_SIN_TABLE+72
0x02E2	0x3435 ;_SIN_TABLE+73
0x02E3	0x341E ;_SIN_TABLE+74
0x02E4	0x347D ;_SIN_TABLE+75
0x02E5	0x340B ;_SIN_TABLE+76
0x02E6	0x34B5 ;_SIN_TABLE+77
0x02E7	0x3426 ;_SIN_TABLE+78
0x02E8	0x347D ;_SIN_TABLE+79
0x02E9	0x34A0 ;_SIN_TABLE+80
0x02EA	0x341A ;_SIN_TABLE+81
0x02EB	0x342F ;_SIN_TABLE+82
0x02EC	0x347D ;_SIN_TABLE+83
0x02ED	0x3434 ;_SIN_TABLE+84
0x02EE	0x3480 ;_SIN_TABLE+85
0x02EF	0x3437 ;_SIN_TABLE+86
0x02F0	0x347D ;_SIN_TABLE+87
0x02F1	0x3492 ;_SIN_TABLE+88
0x02F2	0x34CB ;_SIN_TABLE+89
0x02F3	0x343F ;_SIN_TABLE+90
0x02F4	0x347D ;_SIN_TABLE+91
0x02F5	0x34D5 ;_SIN_TABLE+92
0x02F6	0x3409 ;_SIN_TABLE+93
0x02F7	0x3448 ;_SIN_TABLE+94
0x02F8	0x347D ;_SIN_TABLE+95
0x02F9	0x34FB ;_SIN_TABLE+96
0x02FA	0x343A ;_SIN_TABLE+97
0x02FB	0x3450 ;_SIN_TABLE+98
0x02FC	0x347D ;_SIN_TABLE+99
0x02FD	0x3407 ;_SIN_TABLE+100
0x02FE	0x345F ;_SIN_TABLE+101
0x02FF	0x3458 ;_SIN_TABLE+102
0x0300	0x347D ;_SIN_TABLE+103
0x0301	0x34F7 ;_SIN_TABLE+104
0x0302	0x3475 ;_SIN_TABLE+105
0x0303	0x3460 ;_SIN_TABLE+106
0x0304	0x347D ;_SIN_TABLE+107
0x0305	0x34B0 ;_SIN_TABLE+108
0x0306	0x3472 ;_SIN_TABLE+109
0x0307	0x3468 ;_SIN_TABLE+110
0x0308	0x347D ;_SIN_TABLE+111
0x0309	0x344E ;_SIN_TABLE+112
0x030A	0x3462 ;_SIN_TABLE+113
0x030B	0x3470 ;_SIN_TABLE+114
0x030C	0x347D ;_SIN_TABLE+115
0x030D	0x34B5 ;_SIN_TABLE+116
0x030E	0x3437 ;_SIN_TABLE+117
0x030F	0x3478 ;_SIN_TABLE+118
0x0310	0x347D ;_SIN_TABLE+119
0x0311	0x3400 ;_SIN_TABLE+120
0x0312	0x3400 ;_SIN_TABLE+121
0x0313	0x3400 ;_SIN_TABLE+122
0x0314	0x347E ;_SIN_TABLE+123
0x0315	0x340A ;_SIN_TABLE+124
0x0316	0x34D7 ;_SIN_TABLE+125
0x0317	0x3403 ;_SIN_TABLE+126
0x0318	0x347E ;_SIN_TABLE+127
0x0319	0x3487 ;_SIN_TABLE+128
0x031A	0x34A7 ;_SIN_TABLE+129
0x031B	0x3407 ;_SIN_TABLE+130
0x031C	0x347E ;_SIN_TABLE+131
0x031D	0x34E8 ;_SIN_TABLE+132
0x031E	0x346A ;_SIN_TABLE+133
0x031F	0x340B ;_SIN_TABLE+134
0x0320	0x347E ;_SIN_TABLE+135
0x0321	0x34BB ;_SIN_TABLE+136
0x0322	0x3427 ;_SIN_TABLE+137
0x0323	0x340F ;_SIN_TABLE+138
0x0324	0x347E ;_SIN_TABLE+139
0x0325	0x3473 ;_SIN_TABLE+140
0x0326	0x34D7 ;_SIN_TABLE+141
0x0327	0x3412 ;_SIN_TABLE+142
0x0328	0x347E ;_SIN_TABLE+143
0x0329	0x3410 ;_SIN_TABLE+144
0x032A	0x347A ;_SIN_TABLE+145
0x032B	0x3416 ;_SIN_TABLE+146
0x032C	0x347E ;_SIN_TABLE+147
0x032D	0x3491 ;_SIN_TABLE+148
0x032E	0x340F ;_SIN_TABLE+149
0x032F	0x341A ;_SIN_TABLE+150
0x0330	0x347E ;_SIN_TABLE+151
0x0331	0x3484 ;_SIN_TABLE+152
0x0332	0x349E ;_SIN_TABLE+153
0x0333	0x341D ;_SIN_TABLE+154
0x0334	0x347E ;_SIN_TABLE+155
0x0335	0x34CE ;_SIN_TABLE+156
0x0336	0x3419 ;_SIN_TABLE+157
0x0337	0x3421 ;_SIN_TABLE+158
0x0338	0x347E ;_SIN_TABLE+159
0x0339	0x348A ;_SIN_TABLE+160
0x033A	0x348E ;_SIN_TABLE+161
0x033B	0x3424 ;_SIN_TABLE+162
0x033C	0x347E ;_SIN_TABLE+163
0x033D	0x342B ;_SIN_TABLE+164
0x033E	0x34F6 ;_SIN_TABLE+165
0x033F	0x3427 ;_SIN_TABLE+166
0x0340	0x347E ;_SIN_TABLE+167
0x0341	0x3423 ;_SIN_TABLE+168
0x0342	0x344A ;_SIN_TABLE+169
0x0343	0x342B ;_SIN_TABLE+170
0x0344	0x347E ;_SIN_TABLE+171
0x0345	0x348D ;_SIN_TABLE+172
0x0346	0x3497 ;_SIN_TABLE+173
0x0347	0x342E ;_SIN_TABLE+174
0x0348	0x347E ;_SIN_TABLE+175
0x0349	0x34DC ;_SIN_TABLE+176
0x034A	0x34D7 ;_SIN_TABLE+177
0x034B	0x3431 ;_SIN_TABLE+178
0x034C	0x347E ;_SIN_TABLE+179
0x034D	0x3481 ;_SIN_TABLE+180
0x034E	0x3404 ;_SIN_TABLE+181
0x034F	0x3435 ;_SIN_TABLE+182
0x0350	0x347E ;_SIN_TABLE+183
0x0351	0x340B ;_SIN_TABLE+184
0x0352	0x3424 ;_SIN_TABLE+185
0x0353	0x3438 ;_SIN_TABLE+186
0x0354	0x347E ;_SIN_TABLE+187
0x0355	0x3408 ;_SIN_TABLE+188
0x0356	0x343D ;_SIN_TABLE+189
0x0357	0x343B ;_SIN_TABLE+190
0x0358	0x347E ;_SIN_TABLE+191
0x0359	0x34CD ;_SIN_TABLE+192
0x035A	0x343B ;_SIN_TABLE+193
0x035B	0x343E ;_SIN_TABLE+194
0x035C	0x347E ;_SIN_TABLE+195
0x035D	0x3405 ;_SIN_TABLE+196
0x035E	0x3434 ;_SIN_TABLE+197
0x035F	0x3441 ;_SIN_TABLE+198
0x0360	0x347E ;_SIN_TABLE+199
0x0361	0x3493 ;_SIN_TABLE+200
0x0362	0x3418 ;_SIN_TABLE+201
0x0363	0x3444 ;_SIN_TABLE+202
0x0364	0x347E ;_SIN_TABLE+203
0x0365	0x3407 ;_SIN_TABLE+204
0x0366	0x34F0 ;_SIN_TABLE+205
0x0367	0x3446 ;_SIN_TABLE+206
0x0368	0x347E ;_SIN_TABLE+207
0x0369	0x345E ;_SIN_TABLE+208
0x036A	0x34BA ;_SIN_TABLE+209
0x036B	0x3449 ;_SIN_TABLE+210
0x036C	0x347E ;_SIN_TABLE+211
0x036D	0x340D ;_SIN_TABLE+212
0x036E	0x3471 ;_SIN_TABLE+213
0x036F	0x344C ;_SIN_TABLE+214
0x0370	0x347E ;_SIN_TABLE+215
0x0371	0x34A0 ;_SIN_TABLE+216
0x0372	0x341A ;_SIN_TABLE+217
0x0373	0x344F ;_SIN_TABLE+218
0x0374	0x347E ;_SIN_TABLE+219
0x0375	0x3417 ;_SIN_TABLE+220
0x0376	0x34B7 ;_SIN_TABLE+221
0x0377	0x3451 ;_SIN_TABLE+222
0x0378	0x347E ;_SIN_TABLE+223
0x0379	0x3458 ;_SIN_TABLE+224
0x037A	0x3439 ;_SIN_TABLE+225
0x037B	0x3454 ;_SIN_TABLE+226
0x037C	0x347E ;_SIN_TABLE+227
0x037D	0x340B ;_SIN_TABLE+228
0x037E	0x34B5 ;_SIN_TABLE+229
0x037F	0x3456 ;_SIN_TABLE+230
0x0380	0x347E ;_SIN_TABLE+231
0x0381	0x3487 ;_SIN_TABLE+232
0x0382	0x3416 ;_SIN_TABLE+233
0x0383	0x3459 ;_SIN_TABLE+234
0x0384	0x347E ;_SIN_TABLE+235
0x0385	0x3476 ;_SIN_TABLE+236
0x0386	0x3471 ;_SIN_TABLE+237
0x0387	0x345B ;_SIN_TABLE+238
0x0388	0x347E ;_SIN_TABLE+239
0x0389	0x342D ;_SIN_TABLE+240
0x038A	0x34B2 ;_SIN_TABLE+241
0x038B	0x345D ;_SIN_TABLE+242
0x038C	0x347E ;_SIN_TABLE+243
0x038D	0x34C9 ;_SIN_TABLE+244
0x038E	0x34E5 ;_SIN_TABLE+245
0x038F	0x345F ;_SIN_TABLE+246
0x0390	0x347E ;_SIN_TABLE+247
0x0391	0x34BC ;_SIN_TABLE+248
0x0392	0x3405 ;_SIN_TABLE+249
0x0393	0x3462 ;_SIN_TABLE+250
0x0394	0x347E ;_SIN_TABLE+251
0x0395	0x3493 ;_SIN_TABLE+252
0x0396	0x3418 ;_SIN_TABLE+253
0x0397	0x3464 ;_SIN_TABLE+254
0x0398	0x347E ;_SIN_TABLE+255
0x0399	0x34C2 ;_SIN_TABLE+256
0x039A	0x3417 ;_SIN_TABLE+257
0x039B	0x3466 ;_SIN_TABLE+258
0x039C	0x347E ;_SIN_TABLE+259
0x039D	0x3447 ;_SIN_TABLE+260
0x039E	0x3403 ;_SIN_TABLE+261
0x039F	0x3468 ;_SIN_TABLE+262
0x03A0	0x347E ;_SIN_TABLE+263
0x03A1	0x3423 ;_SIN_TABLE+264
0x03A2	0x34DB ;_SIN_TABLE+265
0x03A3	0x3469 ;_SIN_TABLE+266
0x03A4	0x347E ;_SIN_TABLE+267
0x03A5	0x34E3 ;_SIN_TABLE+268
0x03A6	0x34A5 ;_SIN_TABLE+269
0x03A7	0x346B ;_SIN_TABLE+270
0x03A8	0x347E ;_SIN_TABLE+271
0x03A9	0x34FB ;_SIN_TABLE+272
0x03AA	0x345C ;_SIN_TABLE+273
0x03AB	0x346D ;_SIN_TABLE+274
0x03AC	0x347E ;_SIN_TABLE+275
0x03AD	0x3469 ;_SIN_TABLE+276
0x03AE	0x3400 ;_SIN_TABLE+277
0x03AF	0x346F ;_SIN_TABLE+278
0x03B0	0x347E ;_SIN_TABLE+279
0x03B1	0x342E ;_SIN_TABLE+280
0x03B2	0x3490 ;_SIN_TABLE+281
0x03B3	0x3470 ;_SIN_TABLE+282
0x03B4	0x347E ;_SIN_TABLE+283
0x03B5	0x344A ;_SIN_TABLE+284
0x03B6	0x340C ;_SIN_TABLE+285
0x03B7	0x3472 ;_SIN_TABLE+286
0x03B8	0x347E ;_SIN_TABLE+287
0x03B9	0x344A ;_SIN_TABLE+288
0x03BA	0x347B ;_SIN_TABLE+289
0x03BB	0x3473 ;_SIN_TABLE+290
0x03BC	0x347E ;_SIN_TABLE+291
0x03BD	0x3414 ;_SIN_TABLE+292
0x03BE	0x34D0 ;_SIN_TABLE+293
0x03BF	0x3474 ;_SIN_TABLE+294
0x03C0	0x347E ;_SIN_TABLE+295
0x03C1	0x34C2 ;_SIN_TABLE+296
0x03C2	0x3417 ;_SIN_TABLE+297
0x03C3	0x3476 ;_SIN_TABLE+298
0x03C4	0x347E ;_SIN_TABLE+299
0x03C5	0x3439 ;_SIN_TABLE+300
0x03C6	0x3445 ;_SIN_TABLE+301
0x03C7	0x3477 ;_SIN_TABLE+302
0x03C8	0x347E ;_SIN_TABLE+303
0x03C9	0x3495 ;_SIN_TABLE+304
0x03CA	0x3465 ;_SIN_TABLE+305
0x03CB	0x3478 ;_SIN_TABLE+306
0x03CC	0x347E ;_SIN_TABLE+307
0x03CD	0x3447 ;_SIN_TABLE+308
0x03CE	0x3472 ;_SIN_TABLE+309
0x03CF	0x3479 ;_SIN_TABLE+310
0x03D0	0x347E ;_SIN_TABLE+311
0x03D1	0x34C3 ;_SIN_TABLE+312
0x03D2	0x3464 ;_SIN_TABLE+313
0x03D3	0x347A ;_SIN_TABLE+314
0x03D4	0x347E ;_SIN_TABLE+315
0x03D5	0x3423 ;_SIN_TABLE+316
0x03D6	0x344A ;_SIN_TABLE+317
0x03D7	0x347B ;_SIN_TABLE+318
0x03D8	0x347E ;_SIN_TABLE+319
0x03D9	0x34DA ;_SIN_TABLE+320
0x03DA	0x341B ;_SIN_TABLE+321
0x03DB	0x347C ;_SIN_TABLE+322
0x03DC	0x347E ;_SIN_TABLE+323
0x03DD	0x34E8 ;_SIN_TABLE+324
0x03DE	0x34D9 ;_SIN_TABLE+325
0x03DF	0x347C ;_SIN_TABLE+326
0x03E0	0x347E ;_SIN_TABLE+327
0x03E1	0x344D ;_SIN_TABLE+328
0x03E2	0x3484 ;_SIN_TABLE+329
0x03E3	0x347D ;_SIN_TABLE+330
0x03E4	0x347E ;_SIN_TABLE+331
0x03E5	0x347B ;_SIN_TABLE+332
0x03E6	0x3414 ;_SIN_TABLE+333
0x03E7	0x347E ;_SIN_TABLE+334
0x03E8	0x347E ;_SIN_TABLE+335
0x03E9	0x348D ;_SIN_TABLE+336
0x03EA	0x3497 ;_SIN_TABLE+337
0x03EB	0x347E ;_SIN_TABLE+338
0x03EC	0x347E ;_SIN_TABLE+339
0x03ED	0x34F7 ;_SIN_TABLE+340
0x03EE	0x3406 ;_SIN_TABLE+341
0x03EF	0x347F ;_SIN_TABLE+342
0x03F0	0x347E ;_SIN_TABLE+343
0x03F1	0x34B7 ;_SIN_TABLE+344
0x03F2	0x3462 ;_SIN_TABLE+345
0x03F3	0x347F ;_SIN_TABLE+346
0x03F4	0x347E ;_SIN_TABLE+347
0x03F5	0x3440 ;_SIN_TABLE+348
0x03F6	0x34A4 ;_SIN_TABLE+349
0x03F7	0x347F ;_SIN_TABLE+350
0x03F8	0x347E ;_SIN_TABLE+351
0x03F9	0x34AE ;_SIN_TABLE+352
0x03FA	0x34D8 ;_SIN_TABLE+353
0x03FB	0x347F ;_SIN_TABLE+354
0x03FC	0x347E ;_SIN_TABLE+355
0x03FD	0x34E5 ;_SIN_TABLE+356
0x03FE	0x34F2 ;_SIN_TABLE+357
0x03FF	0x347F ;_SIN_TABLE+358
0x0400	0x347E ;_SIN_TABLE+359
0x0401	0x3400 ;_SIN_TABLE+360
0x0402	0x3400 ;_SIN_TABLE+361
0x0403	0x3400 ;_SIN_TABLE+362
0x0404	0x347F ;_SIN_TABLE+363
0x0405	0x34E5 ;_SIN_TABLE+364
0x0406	0x34F2 ;_SIN_TABLE+365
0x0407	0x347F ;_SIN_TABLE+366
0x0408	0x347E ;_SIN_TABLE+367
0x0409	0x34AE ;_SIN_TABLE+368
0x040A	0x34D8 ;_SIN_TABLE+369
0x040B	0x347F ;_SIN_TABLE+370
0x040C	0x347E ;_SIN_TABLE+371
0x040D	0x3440 ;_SIN_TABLE+372
0x040E	0x34A4 ;_SIN_TABLE+373
0x040F	0x347F ;_SIN_TABLE+374
0x0410	0x347E ;_SIN_TABLE+375
0x0411	0x34B7 ;_SIN_TABLE+376
0x0412	0x3462 ;_SIN_TABLE+377
0x0413	0x347F ;_SIN_TABLE+378
0x0414	0x347E ;_SIN_TABLE+379
0x0415	0x34F7 ;_SIN_TABLE+380
0x0416	0x3406 ;_SIN_TABLE+381
0x0417	0x347F ;_SIN_TABLE+382
0x0418	0x347E ;_SIN_TABLE+383
0x0419	0x348D ;_SIN_TABLE+384
0x041A	0x3497 ;_SIN_TABLE+385
0x041B	0x347E ;_SIN_TABLE+386
0x041C	0x347E ;_SIN_TABLE+387
0x041D	0x347B ;_SIN_TABLE+388
0x041E	0x3414 ;_SIN_TABLE+389
0x041F	0x347E ;_SIN_TABLE+390
0x0420	0x347E ;_SIN_TABLE+391
0x0421	0x344D ;_SIN_TABLE+392
0x0422	0x3484 ;_SIN_TABLE+393
0x0423	0x347D ;_SIN_TABLE+394
0x0424	0x347E ;_SIN_TABLE+395
0x0425	0x34E8 ;_SIN_TABLE+396
0x0426	0x34D9 ;_SIN_TABLE+397
0x0427	0x347C ;_SIN_TABLE+398
0x0428	0x347E ;_SIN_TABLE+399
0x0429	0x34DA ;_SIN_TABLE+400
0x042A	0x341B ;_SIN_TABLE+401
0x042B	0x347C ;_SIN_TABLE+402
0x042C	0x347E ;_SIN_TABLE+403
0x042D	0x3423 ;_SIN_TABLE+404
0x042E	0x344A ;_SIN_TABLE+405
0x042F	0x347B ;_SIN_TABLE+406
0x0430	0x347E ;_SIN_TABLE+407
0x0431	0x34C3 ;_SIN_TABLE+408
0x0432	0x3464 ;_SIN_TABLE+409
0x0433	0x347A ;_SIN_TABLE+410
0x0434	0x347E ;_SIN_TABLE+411
0x0435	0x3447 ;_SIN_TABLE+412
0x0436	0x3472 ;_SIN_TABLE+413
0x0437	0x3479 ;_SIN_TABLE+414
0x0438	0x347E ;_SIN_TABLE+415
0x0439	0x3495 ;_SIN_TABLE+416
0x043A	0x3465 ;_SIN_TABLE+417
0x043B	0x3478 ;_SIN_TABLE+418
0x043C	0x347E ;_SIN_TABLE+419
0x043D	0x3439 ;_SIN_TABLE+420
0x043E	0x3445 ;_SIN_TABLE+421
0x043F	0x3477 ;_SIN_TABLE+422
0x0440	0x347E ;_SIN_TABLE+423
0x0441	0x34C2 ;_SIN_TABLE+424
0x0442	0x3417 ;_SIN_TABLE+425
0x0443	0x3476 ;_SIN_TABLE+426
0x0444	0x347E ;_SIN_TABLE+427
0x0445	0x3414 ;_SIN_TABLE+428
0x0446	0x34D0 ;_SIN_TABLE+429
0x0447	0x3474 ;_SIN_TABLE+430
0x0448	0x347E ;_SIN_TABLE+431
0x0449	0x344A ;_SIN_TABLE+432
0x044A	0x347B ;_SIN_TABLE+433
0x044B	0x3473 ;_SIN_TABLE+434
0x044C	0x347E ;_SIN_TABLE+435
0x044D	0x344A ;_SIN_TABLE+436
0x044E	0x340C ;_SIN_TABLE+437
0x044F	0x3472 ;_SIN_TABLE+438
0x0450	0x347E ;_SIN_TABLE+439
0x0451	0x342E ;_SIN_TABLE+440
0x0452	0x3490 ;_SIN_TABLE+441
0x0453	0x3470 ;_SIN_TABLE+442
0x0454	0x347E ;_SIN_TABLE+443
0x0455	0x3469 ;_SIN_TABLE+444
0x0456	0x3400 ;_SIN_TABLE+445
0x0457	0x346F ;_SIN_TABLE+446
0x0458	0x347E ;_SIN_TABLE+447
0x0459	0x34FB ;_SIN_TABLE+448
0x045A	0x345C ;_SIN_TABLE+449
0x045B	0x346D ;_SIN_TABLE+450
0x045C	0x347E ;_SIN_TABLE+451
0x045D	0x34E3 ;_SIN_TABLE+452
0x045E	0x34A5 ;_SIN_TABLE+453
0x045F	0x346B ;_SIN_TABLE+454
0x0460	0x347E ;_SIN_TABLE+455
0x0461	0x3423 ;_SIN_TABLE+456
0x0462	0x34DB ;_SIN_TABLE+457
0x0463	0x3469 ;_SIN_TABLE+458
0x0464	0x347E ;_SIN_TABLE+459
0x0465	0x3447 ;_SIN_TABLE+460
0x0466	0x3403 ;_SIN_TABLE+461
0x0467	0x3468 ;_SIN_TABLE+462
0x0468	0x347E ;_SIN_TABLE+463
0x0469	0x34C2 ;_SIN_TABLE+464
0x046A	0x3417 ;_SIN_TABLE+465
0x046B	0x3466 ;_SIN_TABLE+466
0x046C	0x347E ;_SIN_TABLE+467
0x046D	0x3493 ;_SIN_TABLE+468
0x046E	0x3418 ;_SIN_TABLE+469
0x046F	0x3464 ;_SIN_TABLE+470
0x0470	0x347E ;_SIN_TABLE+471
0x0471	0x34BC ;_SIN_TABLE+472
0x0472	0x3405 ;_SIN_TABLE+473
0x0473	0x3462 ;_SIN_TABLE+474
0x0474	0x347E ;_SIN_TABLE+475
0x0475	0x34C9 ;_SIN_TABLE+476
0x0476	0x34E5 ;_SIN_TABLE+477
0x0477	0x345F ;_SIN_TABLE+478
0x0478	0x347E ;_SIN_TABLE+479
0x0479	0x342D ;_SIN_TABLE+480
0x047A	0x34B2 ;_SIN_TABLE+481
0x047B	0x345D ;_SIN_TABLE+482
0x047C	0x347E ;_SIN_TABLE+483
0x047D	0x3476 ;_SIN_TABLE+484
0x047E	0x3471 ;_SIN_TABLE+485
0x047F	0x345B ;_SIN_TABLE+486
0x0480	0x347E ;_SIN_TABLE+487
0x0481	0x3487 ;_SIN_TABLE+488
0x0482	0x3416 ;_SIN_TABLE+489
0x0483	0x3459 ;_SIN_TABLE+490
0x0484	0x347E ;_SIN_TABLE+491
0x0485	0x340B ;_SIN_TABLE+492
0x0486	0x34B5 ;_SIN_TABLE+493
0x0487	0x3456 ;_SIN_TABLE+494
0x0488	0x347E ;_SIN_TABLE+495
0x0489	0x3458 ;_SIN_TABLE+496
0x048A	0x3439 ;_SIN_TABLE+497
0x048B	0x3454 ;_SIN_TABLE+498
0x048C	0x347E ;_SIN_TABLE+499
0x048D	0x3417 ;_SIN_TABLE+500
0x048E	0x34B7 ;_SIN_TABLE+501
0x048F	0x3451 ;_SIN_TABLE+502
0x0490	0x347E ;_SIN_TABLE+503
0x0491	0x34A0 ;_SIN_TABLE+504
0x0492	0x341A ;_SIN_TABLE+505
0x0493	0x344F ;_SIN_TABLE+506
0x0494	0x347E ;_SIN_TABLE+507
0x0495	0x340D ;_SIN_TABLE+508
0x0496	0x3471 ;_SIN_TABLE+509
0x0497	0x344C ;_SIN_TABLE+510
0x0498	0x347E ;_SIN_TABLE+511
0x0499	0x345E ;_SIN_TABLE+512
0x049A	0x34BA ;_SIN_TABLE+513
0x049B	0x3449 ;_SIN_TABLE+514
0x049C	0x347E ;_SIN_TABLE+515
0x049D	0x3407 ;_SIN_TABLE+516
0x049E	0x34F0 ;_SIN_TABLE+517
0x049F	0x3446 ;_SIN_TABLE+518
0x04A0	0x347E ;_SIN_TABLE+519
0x04A1	0x3493 ;_SIN_TABLE+520
0x04A2	0x3418 ;_SIN_TABLE+521
0x04A3	0x3444 ;_SIN_TABLE+522
0x04A4	0x347E ;_SIN_TABLE+523
0x04A5	0x3405 ;_SIN_TABLE+524
0x04A6	0x3434 ;_SIN_TABLE+525
0x04A7	0x3441 ;_SIN_TABLE+526
0x04A8	0x347E ;_SIN_TABLE+527
0x04A9	0x34CD ;_SIN_TABLE+528
0x04AA	0x343B ;_SIN_TABLE+529
0x04AB	0x343E ;_SIN_TABLE+530
0x04AC	0x347E ;_SIN_TABLE+531
0x04AD	0x3408 ;_SIN_TABLE+532
0x04AE	0x343D ;_SIN_TABLE+533
0x04AF	0x343B ;_SIN_TABLE+534
0x04B0	0x347E ;_SIN_TABLE+535
0x04B1	0x340B ;_SIN_TABLE+536
0x04B2	0x3424 ;_SIN_TABLE+537
0x04B3	0x3438 ;_SIN_TABLE+538
0x04B4	0x347E ;_SIN_TABLE+539
0x04B5	0x3481 ;_SIN_TABLE+540
0x04B6	0x3404 ;_SIN_TABLE+541
0x04B7	0x3435 ;_SIN_TABLE+542
0x04B8	0x347E ;_SIN_TABLE+543
0x04B9	0x34DC ;_SIN_TABLE+544
0x04BA	0x34D7 ;_SIN_TABLE+545
0x04BB	0x3431 ;_SIN_TABLE+546
0x04BC	0x347E ;_SIN_TABLE+547
0x04BD	0x348D ;_SIN_TABLE+548
0x04BE	0x3497 ;_SIN_TABLE+549
0x04BF	0x342E ;_SIN_TABLE+550
0x04C0	0x347E ;_SIN_TABLE+551
0x04C1	0x3423 ;_SIN_TABLE+552
0x04C2	0x344A ;_SIN_TABLE+553
0x04C3	0x342B ;_SIN_TABLE+554
0x04C4	0x347E ;_SIN_TABLE+555
0x04C5	0x342B ;_SIN_TABLE+556
0x04C6	0x34F6 ;_SIN_TABLE+557
0x04C7	0x3427 ;_SIN_TABLE+558
0x04C8	0x347E ;_SIN_TABLE+559
0x04C9	0x348A ;_SIN_TABLE+560
0x04CA	0x348E ;_SIN_TABLE+561
0x04CB	0x3424 ;_SIN_TABLE+562
0x04CC	0x347E ;_SIN_TABLE+563
0x04CD	0x34CE ;_SIN_TABLE+564
0x04CE	0x3419 ;_SIN_TABLE+565
0x04CF	0x3421 ;_SIN_TABLE+566
0x04D0	0x347E ;_SIN_TABLE+567
0x04D1	0x3484 ;_SIN_TABLE+568
0x04D2	0x349E ;_SIN_TABLE+569
0x04D3	0x341D ;_SIN_TABLE+570
0x04D4	0x347E ;_SIN_TABLE+571
0x04D5	0x3491 ;_SIN_TABLE+572
0x04D6	0x340F ;_SIN_TABLE+573
0x04D7	0x341A ;_SIN_TABLE+574
0x04D8	0x347E ;_SIN_TABLE+575
0x04D9	0x3410 ;_SIN_TABLE+576
0x04DA	0x347A ;_SIN_TABLE+577
0x04DB	0x3416 ;_SIN_TABLE+578
0x04DC	0x347E ;_SIN_TABLE+579
0x04DD	0x3473 ;_SIN_TABLE+580
0x04DE	0x34D7 ;_SIN_TABLE+581
0x04DF	0x3412 ;_SIN_TABLE+582
0x04E0	0x347E ;_SIN_TABLE+583
0x04E1	0x34BB ;_SIN_TABLE+584
0x04E2	0x3427 ;_SIN_TABLE+585
0x04E3	0x340F ;_SIN_TABLE+586
0x04E4	0x347E ;_SIN_TABLE+587
0x04E5	0x34E8 ;_SIN_TABLE+588
0x04E6	0x346A ;_SIN_TABLE+589
0x04E7	0x340B ;_SIN_TABLE+590
0x04E8	0x347E ;_SIN_TABLE+591
0x04E9	0x3487 ;_SIN_TABLE+592
0x04EA	0x34A7 ;_SIN_TABLE+593
0x04EB	0x3407 ;_SIN_TABLE+594
0x04EC	0x347E ;_SIN_TABLE+595
0x04ED	0x340A ;_SIN_TABLE+596
0x04EE	0x34D7 ;_SIN_TABLE+597
0x04EF	0x3403 ;_SIN_TABLE+598
0x04F0	0x347E ;_SIN_TABLE+599
0x04F1	0x3400 ;_SIN_TABLE+600
0x04F2	0x3400 ;_SIN_TABLE+601
0x04F3	0x3400 ;_SIN_TABLE+602
0x04F4	0x347E ;_SIN_TABLE+603
0x04F5	0x34B5 ;_SIN_TABLE+604
0x04F6	0x3437 ;_SIN_TABLE+605
0x04F7	0x3478 ;_SIN_TABLE+606
0x04F8	0x347D ;_SIN_TABLE+607
0x04F9	0x344E ;_SIN_TABLE+608
0x04FA	0x3462 ;_SIN_TABLE+609
0x04FB	0x3470 ;_SIN_TABLE+610
0x04FC	0x347D ;_SIN_TABLE+611
0x04FD	0x34B0 ;_SIN_TABLE+612
0x04FE	0x3472 ;_SIN_TABLE+613
0x04FF	0x3468 ;_SIN_TABLE+614
0x0500	0x347D ;_SIN_TABLE+615
0x0501	0x34F7 ;_SIN_TABLE+616
0x0502	0x3475 ;_SIN_TABLE+617
0x0503	0x3460 ;_SIN_TABLE+618
0x0504	0x347D ;_SIN_TABLE+619
0x0505	0x3407 ;_SIN_TABLE+620
0x0506	0x345F ;_SIN_TABLE+621
0x0507	0x3458 ;_SIN_TABLE+622
0x0508	0x347D ;_SIN_TABLE+623
0x0509	0x34FB ;_SIN_TABLE+624
0x050A	0x343A ;_SIN_TABLE+625
0x050B	0x3450 ;_SIN_TABLE+626
0x050C	0x347D ;_SIN_TABLE+627
0x050D	0x34D5 ;_SIN_TABLE+628
0x050E	0x3409 ;_SIN_TABLE+629
0x050F	0x3448 ;_SIN_TABLE+630
0x0510	0x347D ;_SIN_TABLE+631
0x0511	0x3492 ;_SIN_TABLE+632
0x0512	0x34CB ;_SIN_TABLE+633
0x0513	0x343F ;_SIN_TABLE+634
0x0514	0x347D ;_SIN_TABLE+635
0x0515	0x3434 ;_SIN_TABLE+636
0x0516	0x3480 ;_SIN_TABLE+637
0x0517	0x3437 ;_SIN_TABLE+638
0x0518	0x347D ;_SIN_TABLE+639
0x0519	0x34A0 ;_SIN_TABLE+640
0x051A	0x341A ;_SIN_TABLE+641
0x051B	0x342F ;_SIN_TABLE+642
0x051C	0x347D ;_SIN_TABLE+643
0x051D	0x340B ;_SIN_TABLE+644
0x051E	0x34B5 ;_SIN_TABLE+645
0x051F	0x3426 ;_SIN_TABLE+646
0x0520	0x347D ;_SIN_TABLE+647
0x0521	0x343F ;_SIN_TABLE+648
0x0522	0x3435 ;_SIN_TABLE+649
0x0523	0x341E ;_SIN_TABLE+650
0x0524	0x347D ;_SIN_TABLE+651
0x0525	0x3474 ;_SIN_TABLE+652
0x0526	0x34B5 ;_SIN_TABLE+653
0x0527	0x3415 ;_SIN_TABLE+654
0x0528	0x347D ;_SIN_TABLE+655
0x0529	0x3471 ;_SIN_TABLE+656
0x052A	0x341B ;_SIN_TABLE+657
0x052B	0x340D ;_SIN_TABLE+658
0x052C	0x347D ;_SIN_TABLE+659
0x052D	0x346F ;_SIN_TABLE+660
0x052E	0x3481 ;_SIN_TABLE+661
0x052F	0x3404 ;_SIN_TABLE+662
0x0530	0x347D ;_SIN_TABLE+663
0x0531	0x34A2 ;_SIN_TABLE+664
0x0532	0x34B4 ;_SIN_TABLE+665
0x0533	0x3477 ;_SIN_TABLE+666
0x0534	0x347C ;_SIN_TABLE+667
0x0535	0x3466 ;_SIN_TABLE+668
0x0536	0x3466 ;_SIN_TABLE+669
0x0537	0x3466 ;_SIN_TABLE+670
0x0538	0x347C ;_SIN_TABLE+671
0x0539	0x34BD ;_SIN_TABLE+672
0x053A	0x34E3 ;_SIN_TABLE+673
0x053B	0x3454 ;_SIN_TABLE+674
0x053C	0x347C ;_SIN_TABLE+675
0x053D	0x3413 ;_SIN_TABLE+676
0x053E	0x3461 ;_SIN_TABLE+677
0x053F	0x3443 ;_SIN_TABLE+678
0x0540	0x347C ;_SIN_TABLE+679
0x0541	0x3433 ;_SIN_TABLE+680
0x0542	0x34C4 ;_SIN_TABLE+681
0x0543	0x3431 ;_SIN_TABLE+682
0x0544	0x347C ;_SIN_TABLE+683
0x0545	0x3452 ;_SIN_TABLE+684
0x0546	0x3427 ;_SIN_TABLE+685
0x0547	0x3420 ;_SIN_TABLE+686
0x0548	0x347C ;_SIN_TABLE+687
0x0549	0x3472 ;_SIN_TABLE+688
0x054A	0x348A ;_SIN_TABLE+689
0x054B	0x340E ;_SIN_TABLE+690
0x054C	0x347C ;_SIN_TABLE+691
0x054D	0x34B5 ;_SIN_TABLE+692
0x054E	0x34A6 ;_SIN_TABLE+693
0x054F	0x3479 ;_SIN_TABLE+694
0x0550	0x347B ;_SIN_TABLE+695
0x0551	0x3419 ;_SIN_TABLE+696
0x0552	0x3404 ;_SIN_TABLE+697
0x0553	0x3456 ;_SIN_TABLE+698
0x0554	0x347B ;_SIN_TABLE+699
0x0555	0x34EA ;_SIN_TABLE+700
0x0556	0x3495 ;_SIN_TABLE+701
0x0557	0x3432 ;_SIN_TABLE+702
0x0558	0x347B ;_SIN_TABLE+703
0x0559	0x344D ;_SIN_TABLE+704
0x055A	0x34F3 ;_SIN_TABLE+705
0x055B	0x340E ;_SIN_TABLE+706
0x055C	0x347B ;_SIN_TABLE+707
0x055D	0x3486 ;_SIN_TABLE+708
0x055E	0x3438 ;_SIN_TABLE+709
0x055F	0x3456 ;_SIN_TABLE+710
0x0560	0x347A ;_SIN_TABLE+711
0x0561	0x344D ;_SIN_TABLE+712
0x0562	0x34F3 ;_SIN_TABLE+713
0x0563	0x340E ;_SIN_TABLE+714
0x0564	0x347A ;_SIN_TABLE+715
0x0565	0x3429 ;_SIN_TABLE+716
0x0566	0x345C ;_SIN_TABLE+717
0x0567	0x340F ;_SIN_TABLE+718
0x0568	0x3479 ;_SIN_TABLE+719
; end of _SIN_TABLE
Symbol List:
//** Routines locations **
//ADDRESS    SIZE    PROCEDURE
//----------------------------------------------
0x0003       [7]    _RES032
0x000A      [12]    _SETFUN32
0x0016       [4]    _FIXSIGN32
0x001A      [12]    _SETFOV32
0x0026      [13]    _SETIOV3224
0x0033      [47]    _NRM3232
0x0062      [90]    _NRM4032
0x00BC      [92]    _double2int
0x0118      [10]    _SPI1_Write
0x0122     [159]    _Add_32x32_FP
0x01C1      [96]    _Mul_32x32_FP
0x0221      [27]    _SPI1_Init
0x023C      [93]    _main
//** Variables locations ** 
//ADDRESS    SIZE    VARIABLE
//----------------------------------------------
0x0000       [1]    INDF0
0x0001       [1]    INDF1
0x0003       [1]    STATUS
0x0004       [1]    FSR0L
0x0005       [1]    FSR0H
0x0006       [1]    FSR1L
0x0007       [1]    FSR1H
0x000A       [1]    PCLATH
0x000C       [1]    PORTA
0x0020       [1]    __math_tempbD
0x0021       [4]    _SPI_Wr_Ptr
0x0025       [4]    _SPI_Rd_Ptr
0x0029       [1]    main_temp2_L0
0x002A       [2]    main_deg_L0
0x002C       [1]    FARG_SPI1_Write_data_
0x0070       [1]    R0
0x0071       [1]    R1
0x0072       [1]    R2
0x0073       [1]    R3
0x0074       [1]    R4
0x0075       [1]    R5
0x0076       [1]    R6
0x0077       [1]    R7
0x0078       [1]    R8
0x0079       [1]    R9
0x007A       [1]    R10
0x007B       [1]    R11
0x007C       [1]    R12
0x007D       [1]    R13
0x007E       [1]    R14
0x007F       [1]    R15
0x008C       [0]    TRISA1_bit
0x008C       [0]    TRISA0_bit
0x008C       [1]    TRISA
0x008C       [0]    TRISA2_bit
0x0099       [1]    OSCCON
0x018C       [1]    ANSELA
0x0211       [1]    SSPBUF
0x0214       [1]    SSPSTAT
0x0215       [1]    SSPCON
//** Constants locations ** 
//ADDRESS    SIZE    CONSTANT
//----------------------------------------------
0x0299     [720]    _SIN_TABLE
